<!DOCTYPE html>

<html>
  <head>
  <meta charset='utf-8'>
  <title>TestNG reports</title>

    <link type="text/css" href="testng-reports1.css" rel="stylesheet" id="ultra" />
    <link type="text/css" href="testng-reports.css" rel="stylesheet" id="retro" disabled="false"/>
    <script type="text/javascript" src="jquery-3.6.0.min.js"></script>
    <script type="text/javascript" src="testng-reports.js"></script>
    <script type="text/javascript" src="https://www.google.com/jsapi"></script>
    <script type='text/javascript'>
      google.load('visualization', '1', {packages:['table']});
      google.setOnLoadCallback(drawTable);
      var suiteTableInitFunctions = new Array();
      var suiteTableData = new Array();
    </script>
    <!--
      <script type="text/javascript" src="jquery-ui/js/jquery-ui-1.8.16.custom.min.js"></script>
     -->
  </head>

  <body>    <div class="top-banner-root">
      <span class="top-banner-title-font">Test results</span>
      <button id="button" class="button">Switch Retro Theme</button> <!-- button -->
      <br/>
      <span class="top-banner-font-1">1 suite, 6 failed tests</span>
    </div> <!-- top-banner-root -->
    <div class="navigator-root">
      <div class="navigator-suite-header">
        <span>All suites</span>
        <a href="#" title="Collapse/expand all the suites" class="collapse-all-link">
          <img src="collapseall.gif" class="collapse-all-icon">
          </img> <!-- collapse-all-icon -->
        </a> <!-- collapse-all-link -->
      </div> <!-- navigator-suite-header -->
      <div class="suite">
        <div class="rounded-window">
          <div class="suite-header light-rounded-window-top">
            <a href="#" panel-name="suite-Sequential_Suite" class="navigator-link">
              <span class="suite-name border-failed">Sequential Suite</span>
            </a> <!-- navigator-link -->
          </div> <!-- suite-header light-rounded-window-top -->
          <div class="navigator-suite-content">
            <div class="suite-section-title">
              <span>Info</span>
            </div> <!-- suite-section-title -->
            <div class="suite-section-content">
              <ul>
                <li>
                  <a href="#" panel-name="test-xml-Sequential_Suite" class="navigator-link ">
                    <span>C:\Users\Deity\eclipse-workspace\CloudBerry Training\NinjaV7\testng.xml</span>
                  </a> <!-- navigator-link  -->
                </li>
                <li>
                  <a href="#" panel-name="testlist-Sequential_Suite" class="navigator-link ">
                    <span class="test-stats">3 tests</span>
                  </a> <!-- navigator-link  -->
                </li>
                <li>
                  <a href="#" panel-name="group-Sequential_Suite" class="navigator-link ">
                    <span>3 groups</span>
                  </a> <!-- navigator-link  -->
                </li>
                <li>
                  <a href="#" panel-name="times-Sequential_Suite" class="navigator-link ">
                    <span>Times</span>
                  </a> <!-- navigator-link  -->
                </li>
                <li>
                  <a href="#" panel-name="reporter-Sequential_Suite" class="navigator-link ">
                    <span>Reporter output</span>
                  </a> <!-- navigator-link  -->
                </li>
                <li>
                  <a href="#" panel-name="ignored-methods-Sequential_Suite" class="navigator-link ">
                    <span>Ignored methods</span>
                  </a> <!-- navigator-link  -->
                </li>
                <li>
                  <a href="#" panel-name="chronological-Sequential_Suite" class="navigator-link ">
                    <span>Chronological view</span>
                  </a> <!-- navigator-link  -->
                </li>
              </ul>
            </div> <!-- suite-section-content -->
            <div class="result-section">
              <div class="suite-section-title">
                <span>Results</span>
              </div> <!-- suite-section-title -->
              <div class="suite-section-content">
                <ul>
                  <li>
                    <span class="method-stats">51 methods, 6 failed,  18 skipped,  27 passed</span>
                  </li>
                  <li>
                    <span class="method-list-title failed">Failed methods</span>
                    <span class="show-or-hide-methods failed">
                      <a href="#" panel-name="suite-Sequential_Suite" class="hide-methods failed suite-Sequential_Suite"> (hide)</a> <!-- hide-methods failed suite-Sequential_Suite -->
                      <a href="#" panel-name="suite-Sequential_Suite" class="show-methods failed suite-Sequential_Suite"> (show)</a> <!-- show-methods failed suite-Sequential_Suite -->
                    </span>
                    <div class="method-list-content failed suite-Sequential_Suite">
                      <span>
                        <img src="failed.png" width="3%"/>
                        <a href="#" panel-name="suite-Sequential_Suite" title="testCases.TC04_AddToWishList" class="method navigator-link" hash-for-method="testAddToWishList">testAddToWishList</a> <!-- method navigator-link -->
                      </span>
                      <br/>
                      <span>
                        <img src="failed.png" width="3%"/>
                        <a href="#" panel-name="suite-Sequential_Suite" title="testCases.TC04_AddToWishList" class="method navigator-link" hash-for-method="testAddToWishList">testAddToWishList</a> <!-- method navigator-link -->
                      </span>
                      <br/>
                      <span>
                        <img src="failed.png" width="3%"/>
                        <a href="#" panel-name="suite-Sequential_Suite" title="testCases.TC02_Login" class="method navigator-link" hash-for-method="testLogin(sid@cloudberry.services, Test123)">testLogin(sid@cloudberry.services, Test123)</a> <!-- method navigator-link -->
                      </span>
                      <br/>
                      <span>
                        <img src="failed.png" width="3%"/>
                        <a href="#" panel-name="suite-Sequential_Suite" title="testCases.TC02_Login" class="method navigator-link" hash-for-method="testLogin(shalaka.dongre@gmail.com, Test123!)">testLogin(shalaka.dongre@gmail.com, Test123!)</a> <!-- method navigator-link -->
                      </span>
                      <br/>
                      <span>
                        <img src="failed.png" width="3%"/>
                        <a href="#" panel-name="suite-Sequential_Suite" title="testCases.TC02_Login" class="method navigator-link" hash-for-method="testLogin(otisdog22@yahoo.com, 1234QWERT)">testLogin(otisdog22@yahoo.com, 1234QWERT)</a> <!-- method navigator-link -->
                      </span>
                      <br/>
                      <span>
                        <img src="failed.png" width="3%"/>
                        <a href="#" panel-name="suite-Sequential_Suite" title="testCases.TC02_Login" class="method navigator-link" hash-for-method="testLogin(test121@test.com, test123)">testLogin(test121@test.com, test123)</a> <!-- method navigator-link -->
                      </span>
                      <br/>
                    </div> <!-- method-list-content failed suite-Sequential_Suite -->
                  </li>
                  <li>
                    <span class="method-list-title skipped">Retried methods</span>
                    <span class="show-or-hide-methods skipped">
                      <a href="#" panel-name="suite-Sequential_Suite" class="hide-methods skipped suite-Sequential_Suite"> (hide)</a> <!-- hide-methods skipped suite-Sequential_Suite -->
                      <a href="#" panel-name="suite-Sequential_Suite" class="show-methods skipped suite-Sequential_Suite"> (show)</a> <!-- show-methods skipped suite-Sequential_Suite -->
                    </span>
                    <div class="method-list-content skipped suite-Sequential_Suite">
                      <span>
                        <img src="skipped.png" width="3%"/>
                        <a href="#" panel-name="suite-Sequential_Suite" title="testCases.TC04_AddToWishList" class="method navigator-link" hash-for-method="testAddToWishList">testAddToWishList</a> <!-- method navigator-link -->
                      </span>
                      <br/>
                      <span>
                        <img src="skipped.png" width="3%"/>
                        <a href="#" panel-name="suite-Sequential_Suite" title="testCases.TC04_AddToWishList" class="method navigator-link" hash-for-method="testAddToWishList">testAddToWishList</a> <!-- method navigator-link -->
                      </span>
                      <br/>
                      <span>
                        <img src="skipped.png" width="3%"/>
                        <a href="#" panel-name="suite-Sequential_Suite" title="testCases.TC04_AddToWishList" class="method navigator-link" hash-for-method="testAddToWishList">testAddToWishList</a> <!-- method navigator-link -->
                      </span>
                      <br/>
                      <span>
                        <img src="skipped.png" width="3%"/>
                        <a href="#" panel-name="suite-Sequential_Suite" title="testCases.TC04_AddToWishList" class="method navigator-link" hash-for-method="testAddToWishList">testAddToWishList</a> <!-- method navigator-link -->
                      </span>
                      <br/>
                      <span>
                        <img src="skipped.png" width="3%"/>
                        <a href="#" panel-name="suite-Sequential_Suite" title="testCases.TC04_AddToWishList" class="method navigator-link" hash-for-method="testAddToWishList">testAddToWishList</a> <!-- method navigator-link -->
                      </span>
                      <br/>
                      <span>
                        <img src="skipped.png" width="3%"/>
                        <a href="#" panel-name="suite-Sequential_Suite" title="testCases.TC04_AddToWishList" class="method navigator-link" hash-for-method="testAddToWishList">testAddToWishList</a> <!-- method navigator-link -->
                      </span>
                      <br/>
                      <span>
                        <img src="skipped.png" width="3%"/>
                        <a href="#" panel-name="suite-Sequential_Suite" title="testCases.TC02_Login" class="method navigator-link" hash-for-method="testLogin(sid@cloudberry.services, Test123)">testLogin(sid@cloudberry.services, Test123)</a> <!-- method navigator-link -->
                      </span>
                      <br/>
                      <span>
                        <img src="skipped.png" width="3%"/>
                        <a href="#" panel-name="suite-Sequential_Suite" title="testCases.TC02_Login" class="method navigator-link" hash-for-method="testLogin(test121@test.com, test123)">testLogin(test121@test.com, test123)</a> <!-- method navigator-link -->
                      </span>
                      <br/>
                      <span>
                        <img src="skipped.png" width="3%"/>
                        <a href="#" panel-name="suite-Sequential_Suite" title="testCases.TC02_Login" class="method navigator-link" hash-for-method="testLogin(test121@test.com, test123)">testLogin(test121@test.com, test123)</a> <!-- method navigator-link -->
                      </span>
                      <br/>
                      <span>
                        <img src="skipped.png" width="3%"/>
                        <a href="#" panel-name="suite-Sequential_Suite" title="testCases.TC02_Login" class="method navigator-link" hash-for-method="testLogin(sid@cloudberry.services, Test123)">testLogin(sid@cloudberry.services, Test123)</a> <!-- method navigator-link -->
                      </span>
                      <br/>
                      <span>
                        <img src="skipped.png" width="3%"/>
                        <a href="#" panel-name="suite-Sequential_Suite" title="testCases.TC02_Login" class="method navigator-link" hash-for-method="testLogin(otisdog22@yahoo.com, 1234QWERT)">testLogin(otisdog22@yahoo.com, 1234QWERT)</a> <!-- method navigator-link -->
                      </span>
                      <br/>
                      <span>
                        <img src="skipped.png" width="3%"/>
                        <a href="#" panel-name="suite-Sequential_Suite" title="testCases.TC02_Login" class="method navigator-link" hash-for-method="testLogin(shalaka.dongre@gmail.com, Test123!)">testLogin(shalaka.dongre@gmail.com, Test123!)</a> <!-- method navigator-link -->
                      </span>
                      <br/>
                      <span>
                        <img src="skipped.png" width="3%"/>
                        <a href="#" panel-name="suite-Sequential_Suite" title="testCases.TC02_Login" class="method navigator-link" hash-for-method="testLogin(otisdog22@yahoo.com, 1234QWERT)">testLogin(otisdog22@yahoo.com, 1234QWERT)</a> <!-- method navigator-link -->
                      </span>
                      <br/>
                      <span>
                        <img src="skipped.png" width="3%"/>
                        <a href="#" panel-name="suite-Sequential_Suite" title="testCases.TC02_Login" class="method navigator-link" hash-for-method="testLogin(shalaka.dongre@gmail.com, Test123!)">testLogin(shalaka.dongre@gmail.com, Test123!)</a> <!-- method navigator-link -->
                      </span>
                      <br/>
                      <span>
                        <img src="skipped.png" width="3%"/>
                        <a href="#" panel-name="suite-Sequential_Suite" title="testCases.TC02_Login" class="method navigator-link" hash-for-method="testLogin(test121@test.com, test123)">testLogin(test121@test.com, test123)</a> <!-- method navigator-link -->
                      </span>
                      <br/>
                      <span>
                        <img src="skipped.png" width="3%"/>
                        <a href="#" panel-name="suite-Sequential_Suite" title="testCases.TC02_Login" class="method navigator-link" hash-for-method="testLogin(sid@cloudberry.services, Test123)">testLogin(sid@cloudberry.services, Test123)</a> <!-- method navigator-link -->
                      </span>
                      <br/>
                      <span>
                        <img src="skipped.png" width="3%"/>
                        <a href="#" panel-name="suite-Sequential_Suite" title="testCases.TC02_Login" class="method navigator-link" hash-for-method="testLogin(shalaka.dongre@gmail.com, Test123!)">testLogin(shalaka.dongre@gmail.com, Test123!)</a> <!-- method navigator-link -->
                      </span>
                      <br/>
                      <span>
                        <img src="skipped.png" width="3%"/>
                        <a href="#" panel-name="suite-Sequential_Suite" title="testCases.TC02_Login" class="method navigator-link" hash-for-method="testLogin(otisdog22@yahoo.com, 1234QWERT)">testLogin(otisdog22@yahoo.com, 1234QWERT)</a> <!-- method navigator-link -->
                      </span>
                      <br/>
                    </div> <!-- method-list-content skipped suite-Sequential_Suite -->
                  </li>
                  <li>
                    <span class="method-list-title passed">Passed methods</span>
                    <span class="show-or-hide-methods passed">
                      <a href="#" panel-name="suite-Sequential_Suite" class="hide-methods passed suite-Sequential_Suite"> (hide)</a> <!-- hide-methods passed suite-Sequential_Suite -->
                      <a href="#" panel-name="suite-Sequential_Suite" class="show-methods passed suite-Sequential_Suite"> (show)</a> <!-- show-methods passed suite-Sequential_Suite -->
                    </span>
                    <div class="method-list-content passed suite-Sequential_Suite">
                      <span>
                        <img src="passed.png" width="3%"/>
                        <a href="#" panel-name="suite-Sequential_Suite" title="testCases.TC03_AddToCart" class="method navigator-link" hash-for-method="testAddToCart">testAddToCart</a> <!-- method navigator-link -->
                      </span>
                      <br/>
                      <span>
                        <img src="passed.png" width="3%"/>
                        <a href="#" panel-name="suite-Sequential_Suite" title="testCases.TC03_AddToCart" class="method navigator-link" hash-for-method="testAddToCart">testAddToCart</a> <!-- method navigator-link -->
                      </span>
                      <br/>
                      <span>
                        <img src="passed.png" width="3%"/>
                        <a href="#" panel-name="suite-Sequential_Suite" title="testCases.TC03_AddToCart" class="method navigator-link" hash-for-method="testAddToCart">testAddToCart</a> <!-- method navigator-link -->
                      </span>
                      <br/>
                      <span>
                        <img src="passed.png" width="3%"/>
                        <a href="#" panel-name="suite-Sequential_Suite" title="testCases.TC04_AddToWishList" class="method navigator-link" hash-for-method="testAddToWishList">testAddToWishList</a> <!-- method navigator-link -->
                      </span>
                      <br/>
                      <span>
                        <img src="passed.png" width="3%"/>
                        <a href="#" panel-name="suite-Sequential_Suite" title="testCases.TC05_CompletePurchase" class="method navigator-link" hash-for-method="testCompletePurchase">testCompletePurchase</a> <!-- method navigator-link -->
                      </span>
                      <br/>
                      <span>
                        <img src="passed.png" width="3%"/>
                        <a href="#" panel-name="suite-Sequential_Suite" title="testCases.TC05_CompletePurchase" class="method navigator-link" hash-for-method="testCompletePurchase">testCompletePurchase</a> <!-- method navigator-link -->
                      </span>
                      <br/>
                      <span>
                        <img src="passed.png" width="3%"/>
                        <a href="#" panel-name="suite-Sequential_Suite" title="testCases.TC05_CompletePurchase" class="method navigator-link" hash-for-method="testCompletePurchase">testCompletePurchase</a> <!-- method navigator-link -->
                      </span>
                      <br/>
                      <span>
                        <img src="passed.png" width="3%"/>
                        <a href="#" panel-name="suite-Sequential_Suite" title="testCases.TC01_LaunchApplication" class="method navigator-link" hash-for-method="testLaunchApplication">testLaunchApplication</a> <!-- method navigator-link -->
                      </span>
                      <br/>
                      <span>
                        <img src="passed.png" width="3%"/>
                        <a href="#" panel-name="suite-Sequential_Suite" title="testCases.TC01_LaunchApplication" class="method navigator-link" hash-for-method="testLaunchApplication">testLaunchApplication</a> <!-- method navigator-link -->
                      </span>
                      <br/>
                      <span>
                        <img src="passed.png" width="3%"/>
                        <a href="#" panel-name="suite-Sequential_Suite" title="testCases.TC01_LaunchApplication" class="method navigator-link" hash-for-method="testLaunchApplication">testLaunchApplication</a> <!-- method navigator-link -->
                      </span>
                      <br/>
                      <span>
                        <img src="passed.png" width="3%"/>
                        <a href="#" panel-name="suite-Sequential_Suite" title="testCases.TC02_Login" class="method navigator-link" hash-for-method="testLogin(goodmorning@gmail.com, test@1234)">testLogin(goodmorning@gmail.com, test@1234)</a> <!-- method navigator-link -->
                      </span>
                      <br/>
                      <span>
                        <img src="passed.png" width="3%"/>
                        <a href="#" panel-name="suite-Sequential_Suite" title="testCases.TC02_Login" class="method navigator-link" hash-for-method="testLogin(ma12345678@gmail.com, L0ve$elenium)">testLogin(ma12345678@gmail.com, L0ve$elenium)</a> <!-- method navigator-link -->
                      </span>
                      <br/>
                      <span>
                        <img src="passed.png" width="3%"/>
                        <a href="#" panel-name="suite-Sequential_Suite" title="testCases.TC02_Login" class="method navigator-link" hash-for-method="testLogin(otisdog22@yahoo.com, 1234QWERT)">testLogin(otisdog22@yahoo.com, 1234QWERT)</a> <!-- method navigator-link -->
                      </span>
                      <br/>
                      <span>
                        <img src="passed.png" width="3%"/>
                        <a href="#" panel-name="suite-Sequential_Suite" title="testCases.TC02_Login" class="method navigator-link" hash-for-method="testLogin(goodmorning@gmail.com, test@1234)">testLogin(goodmorning@gmail.com, test@1234)</a> <!-- method navigator-link -->
                      </span>
                      <br/>
                      <span>
                        <img src="passed.png" width="3%"/>
                        <a href="#" panel-name="suite-Sequential_Suite" title="testCases.TC02_Login" class="method navigator-link" hash-for-method="testLogin(sid@cloudberry.services, Test123)">testLogin(sid@cloudberry.services, Test123)</a> <!-- method navigator-link -->
                      </span>
                      <br/>
                      <span>
                        <img src="passed.png" width="3%"/>
                        <a href="#" panel-name="suite-Sequential_Suite" title="testCases.TC02_Login" class="method navigator-link" hash-for-method="testLogin(test121@test.com, test123)">testLogin(test121@test.com, test123)</a> <!-- method navigator-link -->
                      </span>
                      <br/>
                      <span>
                        <img src="passed.png" width="3%"/>
                        <a href="#" panel-name="suite-Sequential_Suite" title="testCases.TC02_Login" class="method navigator-link" hash-for-method="testLogin(shalaka.dongre@gmail.com, Test123!)">testLogin(shalaka.dongre@gmail.com, Test123!)</a> <!-- method navigator-link -->
                      </span>
                      <br/>
                      <span>
                        <img src="passed.png" width="3%"/>
                        <a href="#" panel-name="suite-Sequential_Suite" title="testCases.TC02_Login" class="method navigator-link" hash-for-method="testLogin(ma12345678@gmail.com, L0ve$elenium)">testLogin(ma12345678@gmail.com, L0ve$elenium)</a> <!-- method navigator-link -->
                      </span>
                      <br/>
                      <span>
                        <img src="passed.png" width="3%"/>
                        <a href="#" panel-name="suite-Sequential_Suite" title="testCases.TC02_Login" class="method navigator-link" hash-for-method="testLogin(ma12345678@gmail.com, L0ve$elenium)">testLogin(ma12345678@gmail.com, L0ve$elenium)</a> <!-- method navigator-link -->
                      </span>
                      <br/>
                      <span>
                        <img src="passed.png" width="3%"/>
                        <a href="#" panel-name="suite-Sequential_Suite" title="testCases.TC02_Login" class="method navigator-link" hash-for-method="testLogin(shalaka.dongre@gmail.com, Test123!)">testLogin(shalaka.dongre@gmail.com, Test123!)</a> <!-- method navigator-link -->
                      </span>
                      <br/>
                      <span>
                        <img src="passed.png" width="3%"/>
                        <a href="#" panel-name="suite-Sequential_Suite" title="testCases.TC02_Login" class="method navigator-link" hash-for-method="testLogin(goodmorning@gmail.com, test@1234)">testLogin(goodmorning@gmail.com, test@1234)</a> <!-- method navigator-link -->
                      </span>
                      <br/>
                      <span>
                        <img src="passed.png" width="3%"/>
                        <a href="#" panel-name="suite-Sequential_Suite" title="testCases.TC02_Login" class="method navigator-link" hash-for-method="testLogin(sid@cloudberry.services, Test123)">testLogin(sid@cloudberry.services, Test123)</a> <!-- method navigator-link -->
                      </span>
                      <br/>
                      <span>
                        <img src="passed.png" width="3%"/>
                        <a href="#" panel-name="suite-Sequential_Suite" title="testCases.TC02_Login" class="method navigator-link" hash-for-method="testLogin(otisdog22@yahoo.com, 1234QWERT)">testLogin(otisdog22@yahoo.com, 1234QWERT)</a> <!-- method navigator-link -->
                      </span>
                      <br/>
                      <span>
                        <img src="passed.png" width="3%"/>
                        <a href="#" panel-name="suite-Sequential_Suite" title="testCases.TC02_Login" class="method navigator-link" hash-for-method="testLogin(test121@test.com, test123)">testLogin(test121@test.com, test123)</a> <!-- method navigator-link -->
                      </span>
                      <br/>
                      <span>
                        <img src="passed.png" width="3%"/>
                        <a href="#" panel-name="suite-Sequential_Suite" title="testCases.TC06_PurchaseGiftCertificate" class="method navigator-link" hash-for-method="testPurchaseGiftCertificate">testPurchaseGiftCertificate</a> <!-- method navigator-link -->
                      </span>
                      <br/>
                      <span>
                        <img src="passed.png" width="3%"/>
                        <a href="#" panel-name="suite-Sequential_Suite" title="testCases.TC06_PurchaseGiftCertificate" class="method navigator-link" hash-for-method="testPurchaseGiftCertificate">testPurchaseGiftCertificate</a> <!-- method navigator-link -->
                      </span>
                      <br/>
                      <span>
                        <img src="passed.png" width="3%"/>
                        <a href="#" panel-name="suite-Sequential_Suite" title="testCases.TC06_PurchaseGiftCertificate" class="method navigator-link" hash-for-method="testPurchaseGiftCertificate">testPurchaseGiftCertificate</a> <!-- method navigator-link -->
                      </span>
                      <br/>
                    </div> <!-- method-list-content passed suite-Sequential_Suite -->
                  </li>
                </ul>
              </div> <!-- suite-section-content -->
            </div> <!-- result-section -->
          </div> <!-- navigator-suite-content -->
        </div> <!-- rounded-window -->
      </div> <!-- suite -->
    </div> <!-- navigator-root -->
    <div class="wrapper">
      <div class="main-panel-root">
        <div panel-name="suite-Sequential_Suite" class="panel Sequential_Suite">
          <div class="suite-Sequential_Suite-class-failed">
            <div class="main-panel-header rounded-window-top">
              <img src="failed.png"/>
              <span class="class-name">testCases.TC04_AddToWishList</span>
            </div> <!-- main-panel-header rounded-window-top -->
            <div class="main-panel-content rounded-window-bottom">
              <div class="method">
                <div class="method-content">
                  <a name="testAddToWishList">
                  </a> <!-- testAddToWishList -->
                  <span class="method-name">testAddToWishList</span>
                  <div class="stack-trace">org.openqa.selenium.NoSuchElementException: no such element: Unable to locate element: {&quot;method&quot;:&quot;xpath&quot;,&quot;selector&quot;:&quot;//a[normalize-space()=&apos;Login&apos;]&quot;}
  (Session info: chrome=137.0.7151.69)
For documentation on this error, please visit: https://www.selenium.dev/documentation/webdriver/troubleshooting/errors#no-such-element-exception
Build info: version: &apos;4.28.1&apos;, revision: &apos;73f5ad48a2&apos;
System info: os.name: &apos;Windows 11&apos;, os.arch: &apos;amd64&apos;, os.version: &apos;10.0&apos;, java.version: &apos;23.0.1&apos;
Driver info: org.openqa.selenium.remote.RemoteWebDriver
Command: [05a4afd3da22e0e84cf39ec6c892cce7, findElement {using=xpath, value=//a[normalize-space()=&apos;Login&apos;]}]
Capabilities {acceptInsecureCerts: false, browserName: chrome, browserVersion: 137.0.7151.69, chrome: {chromedriverVersion: 137.0.7151.68 (2989ffee9373..., userDataDir: C:\Users\Deity\AppData\Loca...}, fedcm:accounts: true, goog:chromeOptions: {debuggerAddress: localhost:57877}, networkConnectionEnabled: false, pageLoadStrategy: normal, platformName: Windows 11, proxy: Proxy(), se:bidiEnabled: false, se:cdp: ws://192.168.4.21:4444/sess..., se:cdpVersion: 137.0.7151.69, setWindowRect: true, strictFileInteractability: false, timeouts: {implicit: 0, pageLoad: 300000, script: 30000}, unhandledPromptBehavior: dismiss and notify, webauthn:extension:credBlob: true, webauthn:extension:largeBlob: true, webauthn:extension:minPinLength: true, webauthn:extension:prf: true, webauthn:virtualAuthenticators: true}
Session ID: 05a4afd3da22e0e84cf39ec6c892cce7
	at org.openqa.selenium.remote.ErrorCodec.decode(ErrorCodec.java:167)
	at org.openqa.selenium.remote.codec.w3c.W3CHttpResponseCodec.decode(W3CHttpResponseCodec.java:138)
	at org.openqa.selenium.remote.codec.w3c.W3CHttpResponseCodec.decode(W3CHttpResponseCodec.java:50)
	at org.openqa.selenium.remote.HttpCommandExecutor.execute(HttpCommandExecutor.java:215)
	at org.openqa.selenium.remote.TracedCommandExecutor.execute(TracedCommandExecutor.java:53)
	at org.openqa.selenium.remote.RemoteWebDriver.execute(RemoteWebDriver.java:545)
	at org.openqa.selenium.remote.ElementLocation$ElementFinder$2.findElement(ElementLocation.java:165)
	at org.openqa.selenium.remote.ElementLocation.findElement(ElementLocation.java:59)
	at org.openqa.selenium.remote.RemoteWebDriver.findElement(RemoteWebDriver.java:368)
	at org.openqa.selenium.remote.RemoteWebDriver.findElement(RemoteWebDriver.java:362)
	at org.openqa.selenium.support.pagefactory.DefaultElementLocator.findElement(DefaultElementLocator.java:68)
	at org.openqa.selenium.support.pagefactory.internal.LocatingElementHandler.invoke(LocatingElementHandler.java:38)
	at jdk.proxy2/jdk.proxy2.$Proxy27.click(Unknown Source)
	at pageObjects.HomePage.goToLogin(HomePage.java:47)
	at testCases.TC04_AddToWishList.testAddToWishList(TC04_AddToWishList.java:29)
	at java.base/java.util.ArrayList.forEach(ArrayList.java:1597)
... Removed 32 stack frames
</div> <!-- stack-trace -->
                </div> <!-- method-content -->
              </div> <!-- method -->
              <div class="method">
                <div class="method-content">
                  <a name="testAddToWishList">
                  </a> <!-- testAddToWishList -->
                  <span class="method-name">testAddToWishList</span>
                  <div class="stack-trace">org.openqa.selenium.NoSuchElementException: no such element: Unable to locate element: {&quot;method&quot;:&quot;xpath&quot;,&quot;selector&quot;:&quot;//a[normalize-space()=&apos;Login&apos;]&quot;}
  (Session info: MicrosoftEdge=136.0.3240.92)
For documentation on this error, please visit: https://www.selenium.dev/documentation/webdriver/troubleshooting/errors#no-such-element-exception
Build info: version: &apos;4.28.1&apos;, revision: &apos;73f5ad48a2&apos;
System info: os.name: &apos;Windows 11&apos;, os.arch: &apos;amd64&apos;, os.version: &apos;10.0&apos;, java.version: &apos;23.0.1&apos;
Driver info: org.openqa.selenium.remote.RemoteWebDriver
Command: [2def32d03f81db5d539536f0af53dba9, findElement {using=xpath, value=//a[normalize-space()=&apos;Login&apos;]}]
Capabilities {acceptInsecureCerts: false, browserName: MicrosoftEdge, browserVersion: 136.0.3240.92, fedcm:accounts: true, ms:edgeOptions: {debuggerAddress: localhost:58269}, msedge: {msedgedriverVersion: 136.0.3240.104 (6a705373902..., userDataDir: C:\Users\Deity\AppData\Loca...}, networkConnectionEnabled: false, pageLoadStrategy: normal, platformName: Windows 11, proxy: Proxy(), se:bidiEnabled: false, se:cdp: ws://192.168.4.21:4444/sess..., se:cdpVersion: 136.0.3240.92, setWindowRect: true, strictFileInteractability: false, timeouts: {implicit: 0, pageLoad: 300000, script: 30000}, unhandledPromptBehavior: dismiss and notify, webauthn:extension:credBlob: true, webauthn:extension:largeBlob: true, webauthn:extension:minPinLength: true, webauthn:extension:prf: true, webauthn:virtualAuthenticators: true}
Session ID: 2def32d03f81db5d539536f0af53dba9
	at org.openqa.selenium.remote.ErrorCodec.decode(ErrorCodec.java:167)
	at org.openqa.selenium.remote.codec.w3c.W3CHttpResponseCodec.decode(W3CHttpResponseCodec.java:138)
	at org.openqa.selenium.remote.codec.w3c.W3CHttpResponseCodec.decode(W3CHttpResponseCodec.java:50)
	at org.openqa.selenium.remote.HttpCommandExecutor.execute(HttpCommandExecutor.java:215)
	at org.openqa.selenium.remote.TracedCommandExecutor.execute(TracedCommandExecutor.java:53)
	at org.openqa.selenium.remote.RemoteWebDriver.execute(RemoteWebDriver.java:545)
	at org.openqa.selenium.remote.ElementLocation$ElementFinder$2.findElement(ElementLocation.java:165)
	at org.openqa.selenium.remote.ElementLocation.findElement(ElementLocation.java:59)
	at org.openqa.selenium.remote.RemoteWebDriver.findElement(RemoteWebDriver.java:368)
	at org.openqa.selenium.remote.RemoteWebDriver.findElement(RemoteWebDriver.java:362)
	at org.openqa.selenium.support.pagefactory.DefaultElementLocator.findElement(DefaultElementLocator.java:68)
	at org.openqa.selenium.support.pagefactory.internal.LocatingElementHandler.invoke(LocatingElementHandler.java:38)
	at jdk.proxy2/jdk.proxy2.$Proxy27.click(Unknown Source)
	at pageObjects.HomePage.goToLogin(HomePage.java:47)
	at testCases.TC04_AddToWishList.testAddToWishList(TC04_AddToWishList.java:29)
	at java.base/java.util.ArrayList.forEach(ArrayList.java:1597)
... Removed 32 stack frames
</div> <!-- stack-trace -->
                </div> <!-- method-content -->
              </div> <!-- method -->
            </div> <!-- main-panel-content rounded-window-bottom -->
          </div> <!-- suite-Sequential_Suite-class-failed -->
          <div class="suite-Sequential_Suite-class-failed">
            <div class="main-panel-header rounded-window-top">
              <img src="failed.png"/>
              <span class="class-name">testCases.TC02_Login</span>
            </div> <!-- main-panel-header rounded-window-top -->
            <div class="main-panel-content rounded-window-bottom">
              <div class="method">
                <div class="method-content">
                  <a name="testLogin(sid@cloudberry.services, Test123)">
                  </a> <!-- testLogin(sid@cloudberry.services, Test123) -->
                  <span class="method-name">testLogin</span>
                  <span class="parameters">(sid@cloudberry.services,Test123)</span>
                  <div class="stack-trace">java.lang.AssertionError: Test failed due to exception: no such element: Unable to locate element: {&quot;method&quot;:&quot;xpath&quot;,&quot;selector&quot;:&quot;//a[normalize-space()=&apos;Login&apos;]&quot;}
  (Session info: chrome=137.0.7151.69)
For documentation on this error, please visit: https://www.selenium.dev/documentation/webdriver/troubleshooting/errors#no-such-element-exception
Build info: version: &apos;4.28.1&apos;, revision: &apos;73f5ad48a2&apos;
System info: os.name: &apos;Windows 11&apos;, os.arch: &apos;amd64&apos;, os.version: &apos;10.0&apos;, java.version: &apos;23.0.1&apos;
Driver info: org.openqa.selenium.remote.RemoteWebDriver
Command: [7a443241fb64e150487aa10119d49a39, findElement {using=xpath, value=//a[normalize-space()=&apos;Login&apos;]}]
Capabilities {acceptInsecureCerts: false, browserName: chrome, browserVersion: 137.0.7151.69, chrome: {chromedriverVersion: 137.0.7151.68 (2989ffee9373..., userDataDir: C:\Users\Deity\AppData\Loca...}, fedcm:accounts: true, goog:chromeOptions: {debuggerAddress: localhost:57923}, networkConnectionEnabled: false, pageLoadStrategy: normal, platformName: Windows 11, proxy: Proxy(), se:bidiEnabled: false, se:cdp: ws://192.168.4.21:4444/sess..., se:cdpVersion: 137.0.7151.69, setWindowRect: true, strictFileInteractability: false, timeouts: {implicit: 0, pageLoad: 300000, script: 30000}, unhandledPromptBehavior: dismiss and notify, webauthn:extension:credBlob: true, webauthn:extension:largeBlob: true, webauthn:extension:minPinLength: true, webauthn:extension:prf: true, webauthn:virtualAuthenticators: true}
Session ID: 7a443241fb64e150487aa10119d49a39
	at testCases.TC02_Login.testLogin(TC02_Login.java:71)
	at java.base/java.util.ArrayList.forEach(ArrayList.java:1597)
... Removed 30 stack frames
</div> <!-- stack-trace -->
                </div> <!-- method-content -->
              </div> <!-- method -->
              <div class="method">
                <div class="method-content">
                  <a name="testLogin(shalaka.dongre@gmail.com, Test123!)">
                  </a> <!-- testLogin(shalaka.dongre@gmail.com, Test123!) -->
                  <span class="method-name">testLogin</span>
                  <span class="parameters">(shalaka.dongre@gmail.com,Test123!)</span>
                  <div class="stack-trace">java.lang.AssertionError: Test failed due to exception: no such element: Unable to locate element: {&quot;method&quot;:&quot;xpath&quot;,&quot;selector&quot;:&quot;//a[normalize-space()=&apos;Login&apos;]&quot;}
  (Session info: chrome=137.0.7151.69)
For documentation on this error, please visit: https://www.selenium.dev/documentation/webdriver/troubleshooting/errors#no-such-element-exception
Build info: version: &apos;4.28.1&apos;, revision: &apos;73f5ad48a2&apos;
System info: os.name: &apos;Windows 11&apos;, os.arch: &apos;amd64&apos;, os.version: &apos;10.0&apos;, java.version: &apos;23.0.1&apos;
Driver info: org.openqa.selenium.remote.RemoteWebDriver
Command: [7a443241fb64e150487aa10119d49a39, findElement {using=xpath, value=//a[normalize-space()=&apos;Login&apos;]}]
Capabilities {acceptInsecureCerts: false, browserName: chrome, browserVersion: 137.0.7151.69, chrome: {chromedriverVersion: 137.0.7151.68 (2989ffee9373..., userDataDir: C:\Users\Deity\AppData\Loca...}, fedcm:accounts: true, goog:chromeOptions: {debuggerAddress: localhost:57923}, networkConnectionEnabled: false, pageLoadStrategy: normal, platformName: Windows 11, proxy: Proxy(), se:bidiEnabled: false, se:cdp: ws://192.168.4.21:4444/sess..., se:cdpVersion: 137.0.7151.69, setWindowRect: true, strictFileInteractability: false, timeouts: {implicit: 0, pageLoad: 300000, script: 30000}, unhandledPromptBehavior: dismiss and notify, webauthn:extension:credBlob: true, webauthn:extension:largeBlob: true, webauthn:extension:minPinLength: true, webauthn:extension:prf: true, webauthn:virtualAuthenticators: true}
Session ID: 7a443241fb64e150487aa10119d49a39
	at testCases.TC02_Login.testLogin(TC02_Login.java:71)
	at java.base/java.util.ArrayList.forEach(ArrayList.java:1597)
... Removed 30 stack frames
</div> <!-- stack-trace -->
                </div> <!-- method-content -->
              </div> <!-- method -->
              <div class="method">
                <div class="method-content">
                  <a name="testLogin(otisdog22@yahoo.com, 1234QWERT)">
                  </a> <!-- testLogin(otisdog22@yahoo.com, 1234QWERT) -->
                  <span class="method-name">testLogin</span>
                  <span class="parameters">(otisdog22@yahoo.com,1234QWERT)</span>
                  <div class="stack-trace">java.lang.AssertionError: Test failed due to exception: no such element: Unable to locate element: {&quot;method&quot;:&quot;xpath&quot;,&quot;selector&quot;:&quot;//a[normalize-space()=&apos;Login&apos;]&quot;}
  (Session info: chrome=137.0.7151.69)
For documentation on this error, please visit: https://www.selenium.dev/documentation/webdriver/troubleshooting/errors#no-such-element-exception
Build info: version: &apos;4.28.1&apos;, revision: &apos;73f5ad48a2&apos;
System info: os.name: &apos;Windows 11&apos;, os.arch: &apos;amd64&apos;, os.version: &apos;10.0&apos;, java.version: &apos;23.0.1&apos;
Driver info: org.openqa.selenium.remote.RemoteWebDriver
Command: [7a443241fb64e150487aa10119d49a39, findElement {using=xpath, value=//a[normalize-space()=&apos;Login&apos;]}]
Capabilities {acceptInsecureCerts: false, browserName: chrome, browserVersion: 137.0.7151.69, chrome: {chromedriverVersion: 137.0.7151.68 (2989ffee9373..., userDataDir: C:\Users\Deity\AppData\Loca...}, fedcm:accounts: true, goog:chromeOptions: {debuggerAddress: localhost:57923}, networkConnectionEnabled: false, pageLoadStrategy: normal, platformName: Windows 11, proxy: Proxy(), se:bidiEnabled: false, se:cdp: ws://192.168.4.21:4444/sess..., se:cdpVersion: 137.0.7151.69, setWindowRect: true, strictFileInteractability: false, timeouts: {implicit: 0, pageLoad: 300000, script: 30000}, unhandledPromptBehavior: dismiss and notify, webauthn:extension:credBlob: true, webauthn:extension:largeBlob: true, webauthn:extension:minPinLength: true, webauthn:extension:prf: true, webauthn:virtualAuthenticators: true}
Session ID: 7a443241fb64e150487aa10119d49a39
	at testCases.TC02_Login.testLogin(TC02_Login.java:71)
	at java.base/java.util.ArrayList.forEach(ArrayList.java:1597)
... Removed 30 stack frames
</div> <!-- stack-trace -->
                </div> <!-- method-content -->
              </div> <!-- method -->
              <div class="method">
                <div class="method-content">
                  <a name="testLogin(test121@test.com, test123)">
                  </a> <!-- testLogin(test121@test.com, test123) -->
                  <span class="method-name">testLogin</span>
                  <span class="parameters">(test121@test.com,test123)</span>
                  <div class="stack-trace">java.lang.AssertionError: Test failed due to exception: no such element: Unable to locate element: {&quot;method&quot;:&quot;xpath&quot;,&quot;selector&quot;:&quot;//a[normalize-space()=&apos;Login&apos;]&quot;}
  (Session info: chrome=137.0.7151.69)
For documentation on this error, please visit: https://www.selenium.dev/documentation/webdriver/troubleshooting/errors#no-such-element-exception
Build info: version: &apos;4.28.1&apos;, revision: &apos;73f5ad48a2&apos;
System info: os.name: &apos;Windows 11&apos;, os.arch: &apos;amd64&apos;, os.version: &apos;10.0&apos;, java.version: &apos;23.0.1&apos;
Driver info: org.openqa.selenium.remote.RemoteWebDriver
Command: [7a443241fb64e150487aa10119d49a39, findElement {using=xpath, value=//a[normalize-space()=&apos;Login&apos;]}]
Capabilities {acceptInsecureCerts: false, browserName: chrome, browserVersion: 137.0.7151.69, chrome: {chromedriverVersion: 137.0.7151.68 (2989ffee9373..., userDataDir: C:\Users\Deity\AppData\Loca...}, fedcm:accounts: true, goog:chromeOptions: {debuggerAddress: localhost:57923}, networkConnectionEnabled: false, pageLoadStrategy: normal, platformName: Windows 11, proxy: Proxy(), se:bidiEnabled: false, se:cdp: ws://192.168.4.21:4444/sess..., se:cdpVersion: 137.0.7151.69, setWindowRect: true, strictFileInteractability: false, timeouts: {implicit: 0, pageLoad: 300000, script: 30000}, unhandledPromptBehavior: dismiss and notify, webauthn:extension:credBlob: true, webauthn:extension:largeBlob: true, webauthn:extension:minPinLength: true, webauthn:extension:prf: true, webauthn:virtualAuthenticators: true}
Session ID: 7a443241fb64e150487aa10119d49a39
	at testCases.TC02_Login.testLogin(TC02_Login.java:71)
	at java.base/java.util.ArrayList.forEach(ArrayList.java:1597)
... Removed 30 stack frames
</div> <!-- stack-trace -->
                </div> <!-- method-content -->
              </div> <!-- method -->
            </div> <!-- main-panel-content rounded-window-bottom -->
          </div> <!-- suite-Sequential_Suite-class-failed -->
          <div class="suite-Sequential_Suite-class-skipped">
            <div class="main-panel-header rounded-window-top">
              <img src="skipped.png"/>
              <span class="class-name">testCases.TC04_AddToWishList</span>
            </div> <!-- main-panel-header rounded-window-top -->
            <div class="main-panel-content rounded-window-bottom">
              <div class="method">
                <div class="method-content">
                  <a name="testAddToWishList">
                  </a> <!-- testAddToWishList -->
                  <span class="method-name">testAddToWishList</span>
                  <div class="stack-trace">org.openqa.selenium.NoSuchElementException: no such element: Unable to locate element: {&quot;method&quot;:&quot;xpath&quot;,&quot;selector&quot;:&quot;//a[normalize-space()=&apos;Login&apos;]&quot;}
  (Session info: chrome=137.0.7151.69)
For documentation on this error, please visit: https://www.selenium.dev/documentation/webdriver/troubleshooting/errors#no-such-element-exception
Build info: version: &apos;4.28.1&apos;, revision: &apos;73f5ad48a2&apos;
System info: os.name: &apos;Windows 11&apos;, os.arch: &apos;amd64&apos;, os.version: &apos;10.0&apos;, java.version: &apos;23.0.1&apos;
Driver info: org.openqa.selenium.remote.RemoteWebDriver
Command: [05a4afd3da22e0e84cf39ec6c892cce7, findElement {using=xpath, value=//a[normalize-space()=&apos;Login&apos;]}]
Capabilities {acceptInsecureCerts: false, browserName: chrome, browserVersion: 137.0.7151.69, chrome: {chromedriverVersion: 137.0.7151.68 (2989ffee9373..., userDataDir: C:\Users\Deity\AppData\Loca...}, fedcm:accounts: true, goog:chromeOptions: {debuggerAddress: localhost:57877}, networkConnectionEnabled: false, pageLoadStrategy: normal, platformName: Windows 11, proxy: Proxy(), se:bidiEnabled: false, se:cdp: ws://192.168.4.21:4444/sess..., se:cdpVersion: 137.0.7151.69, setWindowRect: true, strictFileInteractability: false, timeouts: {implicit: 0, pageLoad: 300000, script: 30000}, unhandledPromptBehavior: dismiss and notify, webauthn:extension:credBlob: true, webauthn:extension:largeBlob: true, webauthn:extension:minPinLength: true, webauthn:extension:prf: true, webauthn:virtualAuthenticators: true}
Session ID: 05a4afd3da22e0e84cf39ec6c892cce7
	at org.openqa.selenium.remote.ErrorCodec.decode(ErrorCodec.java:167)
	at org.openqa.selenium.remote.codec.w3c.W3CHttpResponseCodec.decode(W3CHttpResponseCodec.java:138)
	at org.openqa.selenium.remote.codec.w3c.W3CHttpResponseCodec.decode(W3CHttpResponseCodec.java:50)
	at org.openqa.selenium.remote.HttpCommandExecutor.execute(HttpCommandExecutor.java:215)
	at org.openqa.selenium.remote.TracedCommandExecutor.execute(TracedCommandExecutor.java:53)
	at org.openqa.selenium.remote.RemoteWebDriver.execute(RemoteWebDriver.java:545)
	at org.openqa.selenium.remote.ElementLocation$ElementFinder$2.findElement(ElementLocation.java:165)
	at org.openqa.selenium.remote.ElementLocation.findElement(ElementLocation.java:59)
	at org.openqa.selenium.remote.RemoteWebDriver.findElement(RemoteWebDriver.java:368)
	at org.openqa.selenium.remote.RemoteWebDriver.findElement(RemoteWebDriver.java:362)
	at org.openqa.selenium.support.pagefactory.DefaultElementLocator.findElement(DefaultElementLocator.java:68)
	at org.openqa.selenium.support.pagefactory.internal.LocatingElementHandler.invoke(LocatingElementHandler.java:38)
	at jdk.proxy2/jdk.proxy2.$Proxy27.click(Unknown Source)
	at pageObjects.HomePage.goToLogin(HomePage.java:47)
	at testCases.TC04_AddToWishList.testAddToWishList(TC04_AddToWishList.java:29)
	at java.base/java.util.ArrayList.forEach(ArrayList.java:1597)
... Removed 32 stack frames
</div> <!-- stack-trace -->
                </div> <!-- method-content -->
              </div> <!-- method -->
              <div class="method">
                <div class="method-content">
                  <a name="testAddToWishList">
                  </a> <!-- testAddToWishList -->
                  <span class="method-name">testAddToWishList</span>
                  <div class="stack-trace">org.openqa.selenium.StaleElementReferenceException: stale element reference: stale element not found
  (Session info: chrome=137.0.7151.69)
For documentation on this error, please visit: https://www.selenium.dev/documentation/webdriver/troubleshooting/errors#stale-element-reference-exception
Build info: version: &apos;4.28.1&apos;, revision: &apos;73f5ad48a2&apos;
System info: os.name: &apos;Windows 11&apos;, os.arch: &apos;amd64&apos;, os.version: &apos;10.0&apos;, java.version: &apos;23.0.1&apos;
Driver info: org.openqa.selenium.remote.RemoteWebDriver
Command: [05a4afd3da22e0e84cf39ec6c892cce7, clickElement {id=f.08EDDFC659A33336855BAF61A727F613.d.BBB814EDABFB4CF8B1E1CDD5454145AC.e.74}]
Capabilities {acceptInsecureCerts: false, browserName: chrome, browserVersion: 137.0.7151.69, chrome: {chromedriverVersion: 137.0.7151.68 (2989ffee9373..., userDataDir: C:\Users\Deity\AppData\Loca...}, fedcm:accounts: true, goog:chromeOptions: {debuggerAddress: localhost:57877}, networkConnectionEnabled: false, pageLoadStrategy: normal, platformName: Windows 11, proxy: Proxy(), se:bidiEnabled: false, se:cdp: ws://192.168.4.21:4444/sess..., se:cdpVersion: 137.0.7151.69, setWindowRect: true, strictFileInteractability: false, timeouts: {implicit: 0, pageLoad: 300000, script: 30000}, unhandledPromptBehavior: dismiss and notify, webauthn:extension:credBlob: true, webauthn:extension:largeBlob: true, webauthn:extension:minPinLength: true, webauthn:extension:prf: true, webauthn:virtualAuthenticators: true}
Element: [[RemoteWebDriver: chrome on Windows 11 (05a4afd3da22e0e84cf39ec6c892cce7)] -&gt; xpath: //a[normalize-space()=&apos;Laptops &amp; Notebooks&apos;]]
Session ID: 05a4afd3da22e0e84cf39ec6c892cce7
	at org.openqa.selenium.remote.ErrorCodec.decode(ErrorCodec.java:167)
	at org.openqa.selenium.remote.codec.w3c.W3CHttpResponseCodec.decode(W3CHttpResponseCodec.java:138)
	at org.openqa.selenium.remote.codec.w3c.W3CHttpResponseCodec.decode(W3CHttpResponseCodec.java:50)
	at org.openqa.selenium.remote.HttpCommandExecutor.execute(HttpCommandExecutor.java:215)
	at org.openqa.selenium.remote.TracedCommandExecutor.execute(TracedCommandExecutor.java:53)
	at org.openqa.selenium.remote.RemoteWebDriver.execute(RemoteWebDriver.java:545)
	at org.openqa.selenium.remote.RemoteWebElement.execute(RemoteWebElement.java:223)
	at org.openqa.selenium.remote.RemoteWebElement.click(RemoteWebElement.java:76)
	at org.openqa.selenium.support.pagefactory.internal.LocatingElementHandler.invoke(LocatingElementHandler.java:51)
	at jdk.proxy2/jdk.proxy2.$Proxy27.click(Unknown Source)
	at pageObjects.HomePage.LaptopsAndNotebooks(HomePage.java:51)
	at testCases.TC04_AddToWishList.testAddToWishList(TC04_AddToWishList.java:39)
	at java.base/java.util.ArrayList.forEach(ArrayList.java:1597)
... Removed 34 stack frames
</div> <!-- stack-trace -->
                </div> <!-- method-content -->
              </div> <!-- method -->
              <div class="method">
                <div class="method-content">
                  <a name="testAddToWishList">
                  </a> <!-- testAddToWishList -->
                  <span class="method-name">testAddToWishList</span>
                  <div class="stack-trace">org.openqa.selenium.NoSuchElementException: no such element: Unable to locate element: {&quot;method&quot;:&quot;xpath&quot;,&quot;selector&quot;:&quot;//a[normalize-space()=&apos;Login&apos;]&quot;}
  (Session info: chrome=137.0.7151.69)
For documentation on this error, please visit: https://www.selenium.dev/documentation/webdriver/troubleshooting/errors#no-such-element-exception
Build info: version: &apos;4.28.1&apos;, revision: &apos;73f5ad48a2&apos;
System info: os.name: &apos;Windows 11&apos;, os.arch: &apos;amd64&apos;, os.version: &apos;10.0&apos;, java.version: &apos;23.0.1&apos;
Driver info: org.openqa.selenium.remote.RemoteWebDriver
Command: [05a4afd3da22e0e84cf39ec6c892cce7, findElement {using=xpath, value=//a[normalize-space()=&apos;Login&apos;]}]
Capabilities {acceptInsecureCerts: false, browserName: chrome, browserVersion: 137.0.7151.69, chrome: {chromedriverVersion: 137.0.7151.68 (2989ffee9373..., userDataDir: C:\Users\Deity\AppData\Loca...}, fedcm:accounts: true, goog:chromeOptions: {debuggerAddress: localhost:57877}, networkConnectionEnabled: false, pageLoadStrategy: normal, platformName: Windows 11, proxy: Proxy(), se:bidiEnabled: false, se:cdp: ws://192.168.4.21:4444/sess..., se:cdpVersion: 137.0.7151.69, setWindowRect: true, strictFileInteractability: false, timeouts: {implicit: 0, pageLoad: 300000, script: 30000}, unhandledPromptBehavior: dismiss and notify, webauthn:extension:credBlob: true, webauthn:extension:largeBlob: true, webauthn:extension:minPinLength: true, webauthn:extension:prf: true, webauthn:virtualAuthenticators: true}
Session ID: 05a4afd3da22e0e84cf39ec6c892cce7
	at org.openqa.selenium.remote.ErrorCodec.decode(ErrorCodec.java:167)
	at org.openqa.selenium.remote.codec.w3c.W3CHttpResponseCodec.decode(W3CHttpResponseCodec.java:138)
	at org.openqa.selenium.remote.codec.w3c.W3CHttpResponseCodec.decode(W3CHttpResponseCodec.java:50)
	at org.openqa.selenium.remote.HttpCommandExecutor.execute(HttpCommandExecutor.java:215)
	at org.openqa.selenium.remote.TracedCommandExecutor.execute(TracedCommandExecutor.java:53)
	at org.openqa.selenium.remote.RemoteWebDriver.execute(RemoteWebDriver.java:545)
	at org.openqa.selenium.remote.ElementLocation$ElementFinder$2.findElement(ElementLocation.java:165)
	at org.openqa.selenium.remote.ElementLocation.findElement(ElementLocation.java:59)
	at org.openqa.selenium.remote.RemoteWebDriver.findElement(RemoteWebDriver.java:368)
	at org.openqa.selenium.remote.RemoteWebDriver.findElement(RemoteWebDriver.java:362)
	at org.openqa.selenium.support.pagefactory.DefaultElementLocator.findElement(DefaultElementLocator.java:68)
	at org.openqa.selenium.support.pagefactory.internal.LocatingElementHandler.invoke(LocatingElementHandler.java:38)
	at jdk.proxy2/jdk.proxy2.$Proxy27.click(Unknown Source)
	at pageObjects.HomePage.goToLogin(HomePage.java:47)
	at testCases.TC04_AddToWishList.testAddToWishList(TC04_AddToWishList.java:29)
	at java.base/java.util.ArrayList.forEach(ArrayList.java:1597)
... Removed 32 stack frames
</div> <!-- stack-trace -->
                </div> <!-- method-content -->
              </div> <!-- method -->
              <div class="method">
                <div class="method-content">
                  <a name="testAddToWishList">
                  </a> <!-- testAddToWishList -->
                  <span class="method-name">testAddToWishList</span>
                  <div class="stack-trace">org.openqa.selenium.NoSuchElementException: no such element: Unable to locate element: {&quot;method&quot;:&quot;xpath&quot;,&quot;selector&quot;:&quot;//a[normalize-space()=&apos;Login&apos;]&quot;}
  (Session info: MicrosoftEdge=136.0.3240.92)
For documentation on this error, please visit: https://www.selenium.dev/documentation/webdriver/troubleshooting/errors#no-such-element-exception
Build info: version: &apos;4.28.1&apos;, revision: &apos;73f5ad48a2&apos;
System info: os.name: &apos;Windows 11&apos;, os.arch: &apos;amd64&apos;, os.version: &apos;10.0&apos;, java.version: &apos;23.0.1&apos;
Driver info: org.openqa.selenium.remote.RemoteWebDriver
Command: [2def32d03f81db5d539536f0af53dba9, findElement {using=xpath, value=//a[normalize-space()=&apos;Login&apos;]}]
Capabilities {acceptInsecureCerts: false, browserName: MicrosoftEdge, browserVersion: 136.0.3240.92, fedcm:accounts: true, ms:edgeOptions: {debuggerAddress: localhost:58269}, msedge: {msedgedriverVersion: 136.0.3240.104 (6a705373902..., userDataDir: C:\Users\Deity\AppData\Loca...}, networkConnectionEnabled: false, pageLoadStrategy: normal, platformName: Windows 11, proxy: Proxy(), se:bidiEnabled: false, se:cdp: ws://192.168.4.21:4444/sess..., se:cdpVersion: 136.0.3240.92, setWindowRect: true, strictFileInteractability: false, timeouts: {implicit: 0, pageLoad: 300000, script: 30000}, unhandledPromptBehavior: dismiss and notify, webauthn:extension:credBlob: true, webauthn:extension:largeBlob: true, webauthn:extension:minPinLength: true, webauthn:extension:prf: true, webauthn:virtualAuthenticators: true}
Session ID: 2def32d03f81db5d539536f0af53dba9
	at org.openqa.selenium.remote.ErrorCodec.decode(ErrorCodec.java:167)
	at org.openqa.selenium.remote.codec.w3c.W3CHttpResponseCodec.decode(W3CHttpResponseCodec.java:138)
	at org.openqa.selenium.remote.codec.w3c.W3CHttpResponseCodec.decode(W3CHttpResponseCodec.java:50)
	at org.openqa.selenium.remote.HttpCommandExecutor.execute(HttpCommandExecutor.java:215)
	at org.openqa.selenium.remote.TracedCommandExecutor.execute(TracedCommandExecutor.java:53)
	at org.openqa.selenium.remote.RemoteWebDriver.execute(RemoteWebDriver.java:545)
	at org.openqa.selenium.remote.ElementLocation$ElementFinder$2.findElement(ElementLocation.java:165)
	at org.openqa.selenium.remote.ElementLocation.findElement(ElementLocation.java:59)
	at org.openqa.selenium.remote.RemoteWebDriver.findElement(RemoteWebDriver.java:368)
	at org.openqa.selenium.remote.RemoteWebDriver.findElement(RemoteWebDriver.java:362)
	at org.openqa.selenium.support.pagefactory.DefaultElementLocator.findElement(DefaultElementLocator.java:68)
	at org.openqa.selenium.support.pagefactory.internal.LocatingElementHandler.invoke(LocatingElementHandler.java:38)
	at jdk.proxy2/jdk.proxy2.$Proxy27.click(Unknown Source)
	at pageObjects.HomePage.goToLogin(HomePage.java:47)
	at testCases.TC04_AddToWishList.testAddToWishList(TC04_AddToWishList.java:29)
	at java.base/java.util.ArrayList.forEach(ArrayList.java:1597)
... Removed 32 stack frames
</div> <!-- stack-trace -->
                </div> <!-- method-content -->
              </div> <!-- method -->
              <div class="method">
                <div class="method-content">
                  <a name="testAddToWishList">
                  </a> <!-- testAddToWishList -->
                  <span class="method-name">testAddToWishList</span>
                  <div class="stack-trace">org.openqa.selenium.NoSuchElementException: no such element: Unable to locate element: {&quot;method&quot;:&quot;xpath&quot;,&quot;selector&quot;:&quot;//a[normalize-space()=&apos;Login&apos;]&quot;}
  (Session info: MicrosoftEdge=136.0.3240.92)
For documentation on this error, please visit: https://www.selenium.dev/documentation/webdriver/troubleshooting/errors#no-such-element-exception
Build info: version: &apos;4.28.1&apos;, revision: &apos;73f5ad48a2&apos;
System info: os.name: &apos;Windows 11&apos;, os.arch: &apos;amd64&apos;, os.version: &apos;10.0&apos;, java.version: &apos;23.0.1&apos;
Driver info: org.openqa.selenium.remote.RemoteWebDriver
Command: [2def32d03f81db5d539536f0af53dba9, findElement {using=xpath, value=//a[normalize-space()=&apos;Login&apos;]}]
Capabilities {acceptInsecureCerts: false, browserName: MicrosoftEdge, browserVersion: 136.0.3240.92, fedcm:accounts: true, ms:edgeOptions: {debuggerAddress: localhost:58269}, msedge: {msedgedriverVersion: 136.0.3240.104 (6a705373902..., userDataDir: C:\Users\Deity\AppData\Loca...}, networkConnectionEnabled: false, pageLoadStrategy: normal, platformName: Windows 11, proxy: Proxy(), se:bidiEnabled: false, se:cdp: ws://192.168.4.21:4444/sess..., se:cdpVersion: 136.0.3240.92, setWindowRect: true, strictFileInteractability: false, timeouts: {implicit: 0, pageLoad: 300000, script: 30000}, unhandledPromptBehavior: dismiss and notify, webauthn:extension:credBlob: true, webauthn:extension:largeBlob: true, webauthn:extension:minPinLength: true, webauthn:extension:prf: true, webauthn:virtualAuthenticators: true}
Session ID: 2def32d03f81db5d539536f0af53dba9
	at org.openqa.selenium.remote.ErrorCodec.decode(ErrorCodec.java:167)
	at org.openqa.selenium.remote.codec.w3c.W3CHttpResponseCodec.decode(W3CHttpResponseCodec.java:138)
	at org.openqa.selenium.remote.codec.w3c.W3CHttpResponseCodec.decode(W3CHttpResponseCodec.java:50)
	at org.openqa.selenium.remote.HttpCommandExecutor.execute(HttpCommandExecutor.java:215)
	at org.openqa.selenium.remote.TracedCommandExecutor.execute(TracedCommandExecutor.java:53)
	at org.openqa.selenium.remote.RemoteWebDriver.execute(RemoteWebDriver.java:545)
	at org.openqa.selenium.remote.ElementLocation$ElementFinder$2.findElement(ElementLocation.java:165)
	at org.openqa.selenium.remote.ElementLocation.findElement(ElementLocation.java:59)
	at org.openqa.selenium.remote.RemoteWebDriver.findElement(RemoteWebDriver.java:368)
	at org.openqa.selenium.remote.RemoteWebDriver.findElement(RemoteWebDriver.java:362)
	at org.openqa.selenium.support.pagefactory.DefaultElementLocator.findElement(DefaultElementLocator.java:68)
	at org.openqa.selenium.support.pagefactory.internal.LocatingElementHandler.invoke(LocatingElementHandler.java:38)
	at jdk.proxy2/jdk.proxy2.$Proxy27.click(Unknown Source)
	at pageObjects.HomePage.goToLogin(HomePage.java:47)
	at testCases.TC04_AddToWishList.testAddToWishList(TC04_AddToWishList.java:29)
	at java.base/java.util.ArrayList.forEach(ArrayList.java:1597)
... Removed 32 stack frames
</div> <!-- stack-trace -->
                </div> <!-- method-content -->
              </div> <!-- method -->
              <div class="method">
                <div class="method-content">
                  <a name="testAddToWishList">
                  </a> <!-- testAddToWishList -->
                  <span class="method-name">testAddToWishList</span>
                  <div class="stack-trace">org.openqa.selenium.StaleElementReferenceException: stale element reference: stale element not found
  (Session info: MicrosoftEdge=136.0.3240.92)
For documentation on this error, please visit: https://www.selenium.dev/documentation/webdriver/troubleshooting/errors#stale-element-reference-exception
Build info: version: &apos;4.28.1&apos;, revision: &apos;73f5ad48a2&apos;
System info: os.name: &apos;Windows 11&apos;, os.arch: &apos;amd64&apos;, os.version: &apos;10.0&apos;, java.version: &apos;23.0.1&apos;
Driver info: org.openqa.selenium.remote.RemoteWebDriver
Command: [2def32d03f81db5d539536f0af53dba9, clickElement {id=f.0C4B0E3A9002440D7D43D59782AB549A.d.EACEF698A9D4E6FC28DF6503892131DE.e.76}]
Capabilities {acceptInsecureCerts: false, browserName: MicrosoftEdge, browserVersion: 136.0.3240.92, fedcm:accounts: true, ms:edgeOptions: {debuggerAddress: localhost:58269}, msedge: {msedgedriverVersion: 136.0.3240.104 (6a705373902..., userDataDir: C:\Users\Deity\AppData\Loca...}, networkConnectionEnabled: false, pageLoadStrategy: normal, platformName: Windows 11, proxy: Proxy(), se:bidiEnabled: false, se:cdp: ws://192.168.4.21:4444/sess..., se:cdpVersion: 136.0.3240.92, setWindowRect: true, strictFileInteractability: false, timeouts: {implicit: 0, pageLoad: 300000, script: 30000}, unhandledPromptBehavior: dismiss and notify, webauthn:extension:credBlob: true, webauthn:extension:largeBlob: true, webauthn:extension:minPinLength: true, webauthn:extension:prf: true, webauthn:virtualAuthenticators: true}
Element: [[RemoteWebDriver: MicrosoftEdge on Windows 11 (2def32d03f81db5d539536f0af53dba9)] -&gt; xpath: //a[normalize-space()=&apos;Laptops &amp; Notebooks&apos;]]
Session ID: 2def32d03f81db5d539536f0af53dba9
	at org.openqa.selenium.remote.ErrorCodec.decode(ErrorCodec.java:167)
	at org.openqa.selenium.remote.codec.w3c.W3CHttpResponseCodec.decode(W3CHttpResponseCodec.java:138)
	at org.openqa.selenium.remote.codec.w3c.W3CHttpResponseCodec.decode(W3CHttpResponseCodec.java:50)
	at org.openqa.selenium.remote.HttpCommandExecutor.execute(HttpCommandExecutor.java:215)
	at org.openqa.selenium.remote.TracedCommandExecutor.execute(TracedCommandExecutor.java:53)
	at org.openqa.selenium.remote.RemoteWebDriver.execute(RemoteWebDriver.java:545)
	at org.openqa.selenium.remote.RemoteWebElement.execute(RemoteWebElement.java:223)
	at org.openqa.selenium.remote.RemoteWebElement.click(RemoteWebElement.java:76)
	at org.openqa.selenium.support.pagefactory.internal.LocatingElementHandler.invoke(LocatingElementHandler.java:51)
	at jdk.proxy2/jdk.proxy2.$Proxy27.click(Unknown Source)
	at pageObjects.HomePage.LaptopsAndNotebooks(HomePage.java:51)
	at testCases.TC04_AddToWishList.testAddToWishList(TC04_AddToWishList.java:39)
	at java.base/java.util.ArrayList.forEach(ArrayList.java:1597)
... Removed 34 stack frames
</div> <!-- stack-trace -->
                </div> <!-- method-content -->
              </div> <!-- method -->
            </div> <!-- main-panel-content rounded-window-bottom -->
          </div> <!-- suite-Sequential_Suite-class-skipped -->
          <div class="suite-Sequential_Suite-class-skipped">
            <div class="main-panel-header rounded-window-top">
              <img src="skipped.png"/>
              <span class="class-name">testCases.TC02_Login</span>
            </div> <!-- main-panel-header rounded-window-top -->
            <div class="main-panel-content rounded-window-bottom">
              <div class="method">
                <div class="method-content">
                  <a name="testLogin(sid@cloudberry.services, Test123)">
                  </a> <!-- testLogin(sid@cloudberry.services, Test123) -->
                  <span class="method-name">testLogin</span>
                  <span class="parameters">(sid@cloudberry.services,Test123)</span>
                  <div class="stack-trace">java.lang.AssertionError: Test failed due to exception: no such element: Unable to locate element: {&quot;method&quot;:&quot;xpath&quot;,&quot;selector&quot;:&quot;//a[normalize-space()=&apos;Login&apos;]&quot;}
  (Session info: chrome=137.0.7151.69)
For documentation on this error, please visit: https://www.selenium.dev/documentation/webdriver/troubleshooting/errors#no-such-element-exception
Build info: version: &apos;4.28.1&apos;, revision: &apos;73f5ad48a2&apos;
System info: os.name: &apos;Windows 11&apos;, os.arch: &apos;amd64&apos;, os.version: &apos;10.0&apos;, java.version: &apos;23.0.1&apos;
Driver info: org.openqa.selenium.remote.RemoteWebDriver
Command: [7a443241fb64e150487aa10119d49a39, findElement {using=xpath, value=//a[normalize-space()=&apos;Login&apos;]}]
Capabilities {acceptInsecureCerts: false, browserName: chrome, browserVersion: 137.0.7151.69, chrome: {chromedriverVersion: 137.0.7151.68 (2989ffee9373..., userDataDir: C:\Users\Deity\AppData\Loca...}, fedcm:accounts: true, goog:chromeOptions: {debuggerAddress: localhost:57923}, networkConnectionEnabled: false, pageLoadStrategy: normal, platformName: Windows 11, proxy: Proxy(), se:bidiEnabled: false, se:cdp: ws://192.168.4.21:4444/sess..., se:cdpVersion: 137.0.7151.69, setWindowRect: true, strictFileInteractability: false, timeouts: {implicit: 0, pageLoad: 300000, script: 30000}, unhandledPromptBehavior: dismiss and notify, webauthn:extension:credBlob: true, webauthn:extension:largeBlob: true, webauthn:extension:minPinLength: true, webauthn:extension:prf: true, webauthn:virtualAuthenticators: true}
Session ID: 7a443241fb64e150487aa10119d49a39
	at testCases.TC02_Login.testLogin(TC02_Login.java:71)
	at java.base/java.util.ArrayList.forEach(ArrayList.java:1597)
... Removed 30 stack frames
</div> <!-- stack-trace -->
                </div> <!-- method-content -->
              </div> <!-- method -->
              <div class="method">
                <div class="method-content">
                  <a name="testLogin(test121@test.com, test123)">
                  </a> <!-- testLogin(test121@test.com, test123) -->
                  <span class="method-name">testLogin</span>
                  <span class="parameters">(test121@test.com,test123)</span>
                  <div class="stack-trace">java.lang.AssertionError: Test failed due to exception: no such element: Unable to locate element: {&quot;method&quot;:&quot;xpath&quot;,&quot;selector&quot;:&quot;//a[normalize-space()=&apos;Login&apos;]&quot;}
  (Session info: chrome=137.0.7151.69)
For documentation on this error, please visit: https://www.selenium.dev/documentation/webdriver/troubleshooting/errors#no-such-element-exception
Build info: version: &apos;4.28.1&apos;, revision: &apos;73f5ad48a2&apos;
System info: os.name: &apos;Windows 11&apos;, os.arch: &apos;amd64&apos;, os.version: &apos;10.0&apos;, java.version: &apos;23.0.1&apos;
Driver info: org.openqa.selenium.remote.RemoteWebDriver
Command: [7a443241fb64e150487aa10119d49a39, findElement {using=xpath, value=//a[normalize-space()=&apos;Login&apos;]}]
Capabilities {acceptInsecureCerts: false, browserName: chrome, browserVersion: 137.0.7151.69, chrome: {chromedriverVersion: 137.0.7151.68 (2989ffee9373..., userDataDir: C:\Users\Deity\AppData\Loca...}, fedcm:accounts: true, goog:chromeOptions: {debuggerAddress: localhost:57923}, networkConnectionEnabled: false, pageLoadStrategy: normal, platformName: Windows 11, proxy: Proxy(), se:bidiEnabled: false, se:cdp: ws://192.168.4.21:4444/sess..., se:cdpVersion: 137.0.7151.69, setWindowRect: true, strictFileInteractability: false, timeouts: {implicit: 0, pageLoad: 300000, script: 30000}, unhandledPromptBehavior: dismiss and notify, webauthn:extension:credBlob: true, webauthn:extension:largeBlob: true, webauthn:extension:minPinLength: true, webauthn:extension:prf: true, webauthn:virtualAuthenticators: true}
Session ID: 7a443241fb64e150487aa10119d49a39
	at testCases.TC02_Login.testLogin(TC02_Login.java:71)
	at java.base/java.util.ArrayList.forEach(ArrayList.java:1597)
... Removed 30 stack frames
</div> <!-- stack-trace -->
                </div> <!-- method-content -->
              </div> <!-- method -->
              <div class="method">
                <div class="method-content">
                  <a name="testLogin(test121@test.com, test123)">
                  </a> <!-- testLogin(test121@test.com, test123) -->
                  <span class="method-name">testLogin</span>
                  <span class="parameters">(test121@test.com,test123)</span>
                  <div class="stack-trace">java.lang.AssertionError: Test failed due to exception: element not interactable
  (Session info: chrome=137.0.7151.69)
Build info: version: &apos;4.28.1&apos;, revision: &apos;73f5ad48a2&apos;
System info: os.name: &apos;Windows 11&apos;, os.arch: &apos;amd64&apos;, os.version: &apos;10.0&apos;, java.version: &apos;23.0.1&apos;
Driver info: org.openqa.selenium.remote.RemoteWebDriver
Command: [7a443241fb64e150487aa10119d49a39, clickElement {id=f.ED6B21A55F0229FDC75E1EBA935528B3.d.80043C7186EBBEE0E1ED9A242B49738A.e.154}]
Capabilities {acceptInsecureCerts: false, browserName: chrome, browserVersion: 137.0.7151.69, chrome: {chromedriverVersion: 137.0.7151.68 (2989ffee9373..., userDataDir: C:\Users\Deity\AppData\Loca...}, fedcm:accounts: true, goog:chromeOptions: {debuggerAddress: localhost:57923}, networkConnectionEnabled: false, pageLoadStrategy: normal, platformName: Windows 11, proxy: Proxy(), se:bidiEnabled: false, se:cdp: ws://192.168.4.21:4444/sess..., se:cdpVersion: 137.0.7151.69, setWindowRect: true, strictFileInteractability: false, timeouts: {implicit: 0, pageLoad: 300000, script: 30000}, unhandledPromptBehavior: dismiss and notify, webauthn:extension:credBlob: true, webauthn:extension:largeBlob: true, webauthn:extension:minPinLength: true, webauthn:extension:prf: true, webauthn:virtualAuthenticators: true}
Element: [[RemoteWebDriver: chrome on Windows 11 (7a443241fb64e150487aa10119d49a39)] -&gt; xpath: //ul[@class=&apos;dropdown-menu dropdown-menu-right&apos;]//a[normalize-space()=&apos;Logout&apos;]]
Session ID: 7a443241fb64e150487aa10119d49a39
	at testCases.TC02_Login.testLogin(TC02_Login.java:71)
	at java.base/java.util.ArrayList.forEach(ArrayList.java:1597)
... Removed 30 stack frames
</div> <!-- stack-trace -->
                </div> <!-- method-content -->
              </div> <!-- method -->
              <div class="method">
                <div class="method-content">
                  <a name="testLogin(sid@cloudberry.services, Test123)">
                  </a> <!-- testLogin(sid@cloudberry.services, Test123) -->
                  <span class="method-name">testLogin</span>
                  <span class="parameters">(sid@cloudberry.services,Test123)</span>
                  <div class="stack-trace">java.lang.AssertionError: Test failed due to exception: no such element: Unable to locate element: {&quot;method&quot;:&quot;xpath&quot;,&quot;selector&quot;:&quot;//a[normalize-space()=&apos;Login&apos;]&quot;}
  (Session info: chrome=137.0.7151.69)
For documentation on this error, please visit: https://www.selenium.dev/documentation/webdriver/troubleshooting/errors#no-such-element-exception
Build info: version: &apos;4.28.1&apos;, revision: &apos;73f5ad48a2&apos;
System info: os.name: &apos;Windows 11&apos;, os.arch: &apos;amd64&apos;, os.version: &apos;10.0&apos;, java.version: &apos;23.0.1&apos;
Driver info: org.openqa.selenium.remote.RemoteWebDriver
Command: [7a443241fb64e150487aa10119d49a39, findElement {using=xpath, value=//a[normalize-space()=&apos;Login&apos;]}]
Capabilities {acceptInsecureCerts: false, browserName: chrome, browserVersion: 137.0.7151.69, chrome: {chromedriverVersion: 137.0.7151.68 (2989ffee9373..., userDataDir: C:\Users\Deity\AppData\Loca...}, fedcm:accounts: true, goog:chromeOptions: {debuggerAddress: localhost:57923}, networkConnectionEnabled: false, pageLoadStrategy: normal, platformName: Windows 11, proxy: Proxy(), se:bidiEnabled: false, se:cdp: ws://192.168.4.21:4444/sess..., se:cdpVersion: 137.0.7151.69, setWindowRect: true, strictFileInteractability: false, timeouts: {implicit: 0, pageLoad: 300000, script: 30000}, unhandledPromptBehavior: dismiss and notify, webauthn:extension:credBlob: true, webauthn:extension:largeBlob: true, webauthn:extension:minPinLength: true, webauthn:extension:prf: true, webauthn:virtualAuthenticators: true}
Session ID: 7a443241fb64e150487aa10119d49a39
	at testCases.TC02_Login.testLogin(TC02_Login.java:71)
	at java.base/java.util.ArrayList.forEach(ArrayList.java:1597)
... Removed 30 stack frames
</div> <!-- stack-trace -->
                </div> <!-- method-content -->
              </div> <!-- method -->
              <div class="method">
                <div class="method-content">
                  <a name="testLogin(otisdog22@yahoo.com, 1234QWERT)">
                  </a> <!-- testLogin(otisdog22@yahoo.com, 1234QWERT) -->
                  <span class="method-name">testLogin</span>
                  <span class="parameters">(otisdog22@yahoo.com,1234QWERT)</span>
                  <div class="stack-trace">java.lang.AssertionError: Test failed due to exception: no such element: Unable to locate element: {&quot;method&quot;:&quot;xpath&quot;,&quot;selector&quot;:&quot;//a[normalize-space()=&apos;Login&apos;]&quot;}
  (Session info: chrome=137.0.7151.69)
For documentation on this error, please visit: https://www.selenium.dev/documentation/webdriver/troubleshooting/errors#no-such-element-exception
Build info: version: &apos;4.28.1&apos;, revision: &apos;73f5ad48a2&apos;
System info: os.name: &apos;Windows 11&apos;, os.arch: &apos;amd64&apos;, os.version: &apos;10.0&apos;, java.version: &apos;23.0.1&apos;
Driver info: org.openqa.selenium.remote.RemoteWebDriver
Command: [7a443241fb64e150487aa10119d49a39, findElement {using=xpath, value=//a[normalize-space()=&apos;Login&apos;]}]
Capabilities {acceptInsecureCerts: false, browserName: chrome, browserVersion: 137.0.7151.69, chrome: {chromedriverVersion: 137.0.7151.68 (2989ffee9373..., userDataDir: C:\Users\Deity\AppData\Loca...}, fedcm:accounts: true, goog:chromeOptions: {debuggerAddress: localhost:57923}, networkConnectionEnabled: false, pageLoadStrategy: normal, platformName: Windows 11, proxy: Proxy(), se:bidiEnabled: false, se:cdp: ws://192.168.4.21:4444/sess..., se:cdpVersion: 137.0.7151.69, setWindowRect: true, strictFileInteractability: false, timeouts: {implicit: 0, pageLoad: 300000, script: 30000}, unhandledPromptBehavior: dismiss and notify, webauthn:extension:credBlob: true, webauthn:extension:largeBlob: true, webauthn:extension:minPinLength: true, webauthn:extension:prf: true, webauthn:virtualAuthenticators: true}
Session ID: 7a443241fb64e150487aa10119d49a39
	at testCases.TC02_Login.testLogin(TC02_Login.java:71)
	at java.base/java.util.ArrayList.forEach(ArrayList.java:1597)
... Removed 30 stack frames
</div> <!-- stack-trace -->
                </div> <!-- method-content -->
              </div> <!-- method -->
              <div class="method">
                <div class="method-content">
                  <a name="testLogin(shalaka.dongre@gmail.com, Test123!)">
                  </a> <!-- testLogin(shalaka.dongre@gmail.com, Test123!) -->
                  <span class="method-name">testLogin</span>
                  <span class="parameters">(shalaka.dongre@gmail.com,Test123!)</span>
                  <div class="stack-trace">java.lang.AssertionError: Test failed due to exception: no such element: Unable to locate element: {&quot;method&quot;:&quot;xpath&quot;,&quot;selector&quot;:&quot;//a[normalize-space()=&apos;Login&apos;]&quot;}
  (Session info: chrome=137.0.7151.69)
For documentation on this error, please visit: https://www.selenium.dev/documentation/webdriver/troubleshooting/errors#no-such-element-exception
Build info: version: &apos;4.28.1&apos;, revision: &apos;73f5ad48a2&apos;
System info: os.name: &apos;Windows 11&apos;, os.arch: &apos;amd64&apos;, os.version: &apos;10.0&apos;, java.version: &apos;23.0.1&apos;
Driver info: org.openqa.selenium.remote.RemoteWebDriver
Command: [7a443241fb64e150487aa10119d49a39, findElement {using=xpath, value=//a[normalize-space()=&apos;Login&apos;]}]
Capabilities {acceptInsecureCerts: false, browserName: chrome, browserVersion: 137.0.7151.69, chrome: {chromedriverVersion: 137.0.7151.68 (2989ffee9373..., userDataDir: C:\Users\Deity\AppData\Loca...}, fedcm:accounts: true, goog:chromeOptions: {debuggerAddress: localhost:57923}, networkConnectionEnabled: false, pageLoadStrategy: normal, platformName: Windows 11, proxy: Proxy(), se:bidiEnabled: false, se:cdp: ws://192.168.4.21:4444/sess..., se:cdpVersion: 137.0.7151.69, setWindowRect: true, strictFileInteractability: false, timeouts: {implicit: 0, pageLoad: 300000, script: 30000}, unhandledPromptBehavior: dismiss and notify, webauthn:extension:credBlob: true, webauthn:extension:largeBlob: true, webauthn:extension:minPinLength: true, webauthn:extension:prf: true, webauthn:virtualAuthenticators: true}
Session ID: 7a443241fb64e150487aa10119d49a39
	at testCases.TC02_Login.testLogin(TC02_Login.java:71)
	at java.base/java.util.ArrayList.forEach(ArrayList.java:1597)
... Removed 30 stack frames
</div> <!-- stack-trace -->
                </div> <!-- method-content -->
              </div> <!-- method -->
              <div class="method">
                <div class="method-content">
                  <a name="testLogin(otisdog22@yahoo.com, 1234QWERT)">
                  </a> <!-- testLogin(otisdog22@yahoo.com, 1234QWERT) -->
                  <span class="method-name">testLogin</span>
                  <span class="parameters">(otisdog22@yahoo.com,1234QWERT)</span>
                  <div class="stack-trace">java.lang.AssertionError: Test failed due to exception: no such element: Unable to locate element: {&quot;method&quot;:&quot;xpath&quot;,&quot;selector&quot;:&quot;//a[normalize-space()=&apos;Login&apos;]&quot;}
  (Session info: chrome=137.0.7151.69)
For documentation on this error, please visit: https://www.selenium.dev/documentation/webdriver/troubleshooting/errors#no-such-element-exception
Build info: version: &apos;4.28.1&apos;, revision: &apos;73f5ad48a2&apos;
System info: os.name: &apos;Windows 11&apos;, os.arch: &apos;amd64&apos;, os.version: &apos;10.0&apos;, java.version: &apos;23.0.1&apos;
Driver info: org.openqa.selenium.remote.RemoteWebDriver
Command: [7a443241fb64e150487aa10119d49a39, findElement {using=xpath, value=//a[normalize-space()=&apos;Login&apos;]}]
Capabilities {acceptInsecureCerts: false, browserName: chrome, browserVersion: 137.0.7151.69, chrome: {chromedriverVersion: 137.0.7151.68 (2989ffee9373..., userDataDir: C:\Users\Deity\AppData\Loca...}, fedcm:accounts: true, goog:chromeOptions: {debuggerAddress: localhost:57923}, networkConnectionEnabled: false, pageLoadStrategy: normal, platformName: Windows 11, proxy: Proxy(), se:bidiEnabled: false, se:cdp: ws://192.168.4.21:4444/sess..., se:cdpVersion: 137.0.7151.69, setWindowRect: true, strictFileInteractability: false, timeouts: {implicit: 0, pageLoad: 300000, script: 30000}, unhandledPromptBehavior: dismiss and notify, webauthn:extension:credBlob: true, webauthn:extension:largeBlob: true, webauthn:extension:minPinLength: true, webauthn:extension:prf: true, webauthn:virtualAuthenticators: true}
Session ID: 7a443241fb64e150487aa10119d49a39
	at testCases.TC02_Login.testLogin(TC02_Login.java:71)
	at java.base/java.util.ArrayList.forEach(ArrayList.java:1597)
... Removed 30 stack frames
</div> <!-- stack-trace -->
                </div> <!-- method-content -->
              </div> <!-- method -->
              <div class="method">
                <div class="method-content">
                  <a name="testLogin(shalaka.dongre@gmail.com, Test123!)">
                  </a> <!-- testLogin(shalaka.dongre@gmail.com, Test123!) -->
                  <span class="method-name">testLogin</span>
                  <span class="parameters">(shalaka.dongre@gmail.com,Test123!)</span>
                  <div class="stack-trace">java.lang.AssertionError: Test failed due to exception: no such element: Unable to locate element: {&quot;method&quot;:&quot;xpath&quot;,&quot;selector&quot;:&quot;//a[normalize-space()=&apos;Login&apos;]&quot;}
  (Session info: chrome=137.0.7151.69)
For documentation on this error, please visit: https://www.selenium.dev/documentation/webdriver/troubleshooting/errors#no-such-element-exception
Build info: version: &apos;4.28.1&apos;, revision: &apos;73f5ad48a2&apos;
System info: os.name: &apos;Windows 11&apos;, os.arch: &apos;amd64&apos;, os.version: &apos;10.0&apos;, java.version: &apos;23.0.1&apos;
Driver info: org.openqa.selenium.remote.RemoteWebDriver
Command: [7a443241fb64e150487aa10119d49a39, findElement {using=xpath, value=//a[normalize-space()=&apos;Login&apos;]}]
Capabilities {acceptInsecureCerts: false, browserName: chrome, browserVersion: 137.0.7151.69, chrome: {chromedriverVersion: 137.0.7151.68 (2989ffee9373..., userDataDir: C:\Users\Deity\AppData\Loca...}, fedcm:accounts: true, goog:chromeOptions: {debuggerAddress: localhost:57923}, networkConnectionEnabled: false, pageLoadStrategy: normal, platformName: Windows 11, proxy: Proxy(), se:bidiEnabled: false, se:cdp: ws://192.168.4.21:4444/sess..., se:cdpVersion: 137.0.7151.69, setWindowRect: true, strictFileInteractability: false, timeouts: {implicit: 0, pageLoad: 300000, script: 30000}, unhandledPromptBehavior: dismiss and notify, webauthn:extension:credBlob: true, webauthn:extension:largeBlob: true, webauthn:extension:minPinLength: true, webauthn:extension:prf: true, webauthn:virtualAuthenticators: true}
Session ID: 7a443241fb64e150487aa10119d49a39
	at testCases.TC02_Login.testLogin(TC02_Login.java:71)
	at java.base/java.util.ArrayList.forEach(ArrayList.java:1597)
... Removed 30 stack frames
</div> <!-- stack-trace -->
                </div> <!-- method-content -->
              </div> <!-- method -->
              <div class="method">
                <div class="method-content">
                  <a name="testLogin(test121@test.com, test123)">
                  </a> <!-- testLogin(test121@test.com, test123) -->
                  <span class="method-name">testLogin</span>
                  <span class="parameters">(test121@test.com,test123)</span>
                  <div class="stack-trace">java.lang.AssertionError: Test failed due to exception: no such element: Unable to locate element: {&quot;method&quot;:&quot;xpath&quot;,&quot;selector&quot;:&quot;//a[normalize-space()=&apos;Login&apos;]&quot;}
  (Session info: chrome=137.0.7151.69)
For documentation on this error, please visit: https://www.selenium.dev/documentation/webdriver/troubleshooting/errors#no-such-element-exception
Build info: version: &apos;4.28.1&apos;, revision: &apos;73f5ad48a2&apos;
System info: os.name: &apos;Windows 11&apos;, os.arch: &apos;amd64&apos;, os.version: &apos;10.0&apos;, java.version: &apos;23.0.1&apos;
Driver info: org.openqa.selenium.remote.RemoteWebDriver
Command: [7a443241fb64e150487aa10119d49a39, findElement {using=xpath, value=//a[normalize-space()=&apos;Login&apos;]}]
Capabilities {acceptInsecureCerts: false, browserName: chrome, browserVersion: 137.0.7151.69, chrome: {chromedriverVersion: 137.0.7151.68 (2989ffee9373..., userDataDir: C:\Users\Deity\AppData\Loca...}, fedcm:accounts: true, goog:chromeOptions: {debuggerAddress: localhost:57923}, networkConnectionEnabled: false, pageLoadStrategy: normal, platformName: Windows 11, proxy: Proxy(), se:bidiEnabled: false, se:cdp: ws://192.168.4.21:4444/sess..., se:cdpVersion: 137.0.7151.69, setWindowRect: true, strictFileInteractability: false, timeouts: {implicit: 0, pageLoad: 300000, script: 30000}, unhandledPromptBehavior: dismiss and notify, webauthn:extension:credBlob: true, webauthn:extension:largeBlob: true, webauthn:extension:minPinLength: true, webauthn:extension:prf: true, webauthn:virtualAuthenticators: true}
Session ID: 7a443241fb64e150487aa10119d49a39
	at testCases.TC02_Login.testLogin(TC02_Login.java:71)
	at java.base/java.util.ArrayList.forEach(ArrayList.java:1597)
... Removed 30 stack frames
</div> <!-- stack-trace -->
                </div> <!-- method-content -->
              </div> <!-- method -->
              <div class="method">
                <div class="method-content">
                  <a name="testLogin(sid@cloudberry.services, Test123)">
                  </a> <!-- testLogin(sid@cloudberry.services, Test123) -->
                  <span class="method-name">testLogin</span>
                  <span class="parameters">(sid@cloudberry.services,Test123)</span>
                  <div class="stack-trace">java.lang.AssertionError: Test failed due to exception: no such element: Unable to locate element: {&quot;method&quot;:&quot;xpath&quot;,&quot;selector&quot;:&quot;//a[normalize-space()=&apos;Login&apos;]&quot;}
  (Session info: chrome=137.0.7151.69)
For documentation on this error, please visit: https://www.selenium.dev/documentation/webdriver/troubleshooting/errors#no-such-element-exception
Build info: version: &apos;4.28.1&apos;, revision: &apos;73f5ad48a2&apos;
System info: os.name: &apos;Windows 11&apos;, os.arch: &apos;amd64&apos;, os.version: &apos;10.0&apos;, java.version: &apos;23.0.1&apos;
Driver info: org.openqa.selenium.remote.RemoteWebDriver
Command: [7a443241fb64e150487aa10119d49a39, findElement {using=xpath, value=//a[normalize-space()=&apos;Login&apos;]}]
Capabilities {acceptInsecureCerts: false, browserName: chrome, browserVersion: 137.0.7151.69, chrome: {chromedriverVersion: 137.0.7151.68 (2989ffee9373..., userDataDir: C:\Users\Deity\AppData\Loca...}, fedcm:accounts: true, goog:chromeOptions: {debuggerAddress: localhost:57923}, networkConnectionEnabled: false, pageLoadStrategy: normal, platformName: Windows 11, proxy: Proxy(), se:bidiEnabled: false, se:cdp: ws://192.168.4.21:4444/sess..., se:cdpVersion: 137.0.7151.69, setWindowRect: true, strictFileInteractability: false, timeouts: {implicit: 0, pageLoad: 300000, script: 30000}, unhandledPromptBehavior: dismiss and notify, webauthn:extension:credBlob: true, webauthn:extension:largeBlob: true, webauthn:extension:minPinLength: true, webauthn:extension:prf: true, webauthn:virtualAuthenticators: true}
Session ID: 7a443241fb64e150487aa10119d49a39
	at testCases.TC02_Login.testLogin(TC02_Login.java:71)
	at java.base/java.util.ArrayList.forEach(ArrayList.java:1597)
... Removed 30 stack frames
</div> <!-- stack-trace -->
                </div> <!-- method-content -->
              </div> <!-- method -->
              <div class="method">
                <div class="method-content">
                  <a name="testLogin(shalaka.dongre@gmail.com, Test123!)">
                  </a> <!-- testLogin(shalaka.dongre@gmail.com, Test123!) -->
                  <span class="method-name">testLogin</span>
                  <span class="parameters">(shalaka.dongre@gmail.com,Test123!)</span>
                  <div class="stack-trace">java.lang.AssertionError: Test failed due to exception: no such element: Unable to locate element: {&quot;method&quot;:&quot;xpath&quot;,&quot;selector&quot;:&quot;//a[normalize-space()=&apos;Login&apos;]&quot;}
  (Session info: chrome=137.0.7151.69)
For documentation on this error, please visit: https://www.selenium.dev/documentation/webdriver/troubleshooting/errors#no-such-element-exception
Build info: version: &apos;4.28.1&apos;, revision: &apos;73f5ad48a2&apos;
System info: os.name: &apos;Windows 11&apos;, os.arch: &apos;amd64&apos;, os.version: &apos;10.0&apos;, java.version: &apos;23.0.1&apos;
Driver info: org.openqa.selenium.remote.RemoteWebDriver
Command: [7a443241fb64e150487aa10119d49a39, findElement {using=xpath, value=//a[normalize-space()=&apos;Login&apos;]}]
Capabilities {acceptInsecureCerts: false, browserName: chrome, browserVersion: 137.0.7151.69, chrome: {chromedriverVersion: 137.0.7151.68 (2989ffee9373..., userDataDir: C:\Users\Deity\AppData\Loca...}, fedcm:accounts: true, goog:chromeOptions: {debuggerAddress: localhost:57923}, networkConnectionEnabled: false, pageLoadStrategy: normal, platformName: Windows 11, proxy: Proxy(), se:bidiEnabled: false, se:cdp: ws://192.168.4.21:4444/sess..., se:cdpVersion: 137.0.7151.69, setWindowRect: true, strictFileInteractability: false, timeouts: {implicit: 0, pageLoad: 300000, script: 30000}, unhandledPromptBehavior: dismiss and notify, webauthn:extension:credBlob: true, webauthn:extension:largeBlob: true, webauthn:extension:minPinLength: true, webauthn:extension:prf: true, webauthn:virtualAuthenticators: true}
Session ID: 7a443241fb64e150487aa10119d49a39
	at testCases.TC02_Login.testLogin(TC02_Login.java:71)
	at java.base/java.util.ArrayList.forEach(ArrayList.java:1597)
... Removed 30 stack frames
</div> <!-- stack-trace -->
                </div> <!-- method-content -->
              </div> <!-- method -->
              <div class="method">
                <div class="method-content">
                  <a name="testLogin(otisdog22@yahoo.com, 1234QWERT)">
                  </a> <!-- testLogin(otisdog22@yahoo.com, 1234QWERT) -->
                  <span class="method-name">testLogin</span>
                  <span class="parameters">(otisdog22@yahoo.com,1234QWERT)</span>
                  <div class="stack-trace">java.lang.AssertionError: Test failed due to exception: no such element: Unable to locate element: {&quot;method&quot;:&quot;xpath&quot;,&quot;selector&quot;:&quot;//a[normalize-space()=&apos;Login&apos;]&quot;}
  (Session info: chrome=137.0.7151.69)
For documentation on this error, please visit: https://www.selenium.dev/documentation/webdriver/troubleshooting/errors#no-such-element-exception
Build info: version: &apos;4.28.1&apos;, revision: &apos;73f5ad48a2&apos;
System info: os.name: &apos;Windows 11&apos;, os.arch: &apos;amd64&apos;, os.version: &apos;10.0&apos;, java.version: &apos;23.0.1&apos;
Driver info: org.openqa.selenium.remote.RemoteWebDriver
Command: [7a443241fb64e150487aa10119d49a39, findElement {using=xpath, value=//a[normalize-space()=&apos;Login&apos;]}]
Capabilities {acceptInsecureCerts: false, browserName: chrome, browserVersion: 137.0.7151.69, chrome: {chromedriverVersion: 137.0.7151.68 (2989ffee9373..., userDataDir: C:\Users\Deity\AppData\Loca...}, fedcm:accounts: true, goog:chromeOptions: {debuggerAddress: localhost:57923}, networkConnectionEnabled: false, pageLoadStrategy: normal, platformName: Windows 11, proxy: Proxy(), se:bidiEnabled: false, se:cdp: ws://192.168.4.21:4444/sess..., se:cdpVersion: 137.0.7151.69, setWindowRect: true, strictFileInteractability: false, timeouts: {implicit: 0, pageLoad: 300000, script: 30000}, unhandledPromptBehavior: dismiss and notify, webauthn:extension:credBlob: true, webauthn:extension:largeBlob: true, webauthn:extension:minPinLength: true, webauthn:extension:prf: true, webauthn:virtualAuthenticators: true}
Session ID: 7a443241fb64e150487aa10119d49a39
	at testCases.TC02_Login.testLogin(TC02_Login.java:71)
	at java.base/java.util.ArrayList.forEach(ArrayList.java:1597)
... Removed 30 stack frames
</div> <!-- stack-trace -->
                </div> <!-- method-content -->
              </div> <!-- method -->
            </div> <!-- main-panel-content rounded-window-bottom -->
          </div> <!-- suite-Sequential_Suite-class-skipped -->
          <div class="suite-Sequential_Suite-class-passed">
            <div class="main-panel-header rounded-window-top">
              <img src="passed.png"/>
              <span class="class-name">testCases.TC04_AddToWishList</span>
            </div> <!-- main-panel-header rounded-window-top -->
            <div class="main-panel-content rounded-window-bottom">
              <div class="method">
                <div class="method-content">
                  <a name="testAddToWishList">
                  </a> <!-- testAddToWishList -->
                  <span class="method-name">testAddToWishList</span>
                </div> <!-- method-content -->
              </div> <!-- method -->
            </div> <!-- main-panel-content rounded-window-bottom -->
          </div> <!-- suite-Sequential_Suite-class-passed -->
          <div class="suite-Sequential_Suite-class-passed">
            <div class="main-panel-header rounded-window-top">
              <img src="passed.png"/>
              <span class="class-name">testCases.TC05_CompletePurchase</span>
            </div> <!-- main-panel-header rounded-window-top -->
            <div class="main-panel-content rounded-window-bottom">
              <div class="method">
                <div class="method-content">
                  <a name="testCompletePurchase">
                  </a> <!-- testCompletePurchase -->
                  <span class="method-name">testCompletePurchase</span>
                </div> <!-- method-content -->
              </div> <!-- method -->
              <div class="method">
                <div class="method-content">
                  <a name="testCompletePurchase">
                  </a> <!-- testCompletePurchase -->
                  <span class="method-name">testCompletePurchase</span>
                </div> <!-- method-content -->
              </div> <!-- method -->
              <div class="method">
                <div class="method-content">
                  <a name="testCompletePurchase">
                  </a> <!-- testCompletePurchase -->
                  <span class="method-name">testCompletePurchase</span>
                </div> <!-- method-content -->
              </div> <!-- method -->
            </div> <!-- main-panel-content rounded-window-bottom -->
          </div> <!-- suite-Sequential_Suite-class-passed -->
          <div class="suite-Sequential_Suite-class-passed">
            <div class="main-panel-header rounded-window-top">
              <img src="passed.png"/>
              <span class="class-name">testCases.TC06_PurchaseGiftCertificate</span>
            </div> <!-- main-panel-header rounded-window-top -->
            <div class="main-panel-content rounded-window-bottom">
              <div class="method">
                <div class="method-content">
                  <a name="testPurchaseGiftCertificate">
                  </a> <!-- testPurchaseGiftCertificate -->
                  <span class="method-name">testPurchaseGiftCertificate</span>
                </div> <!-- method-content -->
              </div> <!-- method -->
              <div class="method">
                <div class="method-content">
                  <a name="testPurchaseGiftCertificate">
                  </a> <!-- testPurchaseGiftCertificate -->
                  <span class="method-name">testPurchaseGiftCertificate</span>
                </div> <!-- method-content -->
              </div> <!-- method -->
              <div class="method">
                <div class="method-content">
                  <a name="testPurchaseGiftCertificate">
                  </a> <!-- testPurchaseGiftCertificate -->
                  <span class="method-name">testPurchaseGiftCertificate</span>
                </div> <!-- method-content -->
              </div> <!-- method -->
            </div> <!-- main-panel-content rounded-window-bottom -->
          </div> <!-- suite-Sequential_Suite-class-passed -->
          <div class="suite-Sequential_Suite-class-passed">
            <div class="main-panel-header rounded-window-top">
              <img src="passed.png"/>
              <span class="class-name">testCases.TC02_Login</span>
            </div> <!-- main-panel-header rounded-window-top -->
            <div class="main-panel-content rounded-window-bottom">
              <div class="method">
                <div class="method-content">
                  <a name="testLogin(goodmorning@gmail.com, test@1234)">
                  </a> <!-- testLogin(goodmorning@gmail.com, test@1234) -->
                  <span class="method-name">testLogin</span>
                  <span class="parameters">(goodmorning@gmail.com,test@1234)</span>
                </div> <!-- method-content -->
              </div> <!-- method -->
              <div class="method">
                <div class="method-content">
                  <a name="testLogin(ma12345678@gmail.com, L0ve$elenium)">
                  </a> <!-- testLogin(ma12345678@gmail.com, L0ve$elenium) -->
                  <span class="method-name">testLogin</span>
                  <span class="parameters">(ma12345678@gmail.com,L0ve$elenium)</span>
                </div> <!-- method-content -->
              </div> <!-- method -->
              <div class="method">
                <div class="method-content">
                  <a name="testLogin(otisdog22@yahoo.com, 1234QWERT)">
                  </a> <!-- testLogin(otisdog22@yahoo.com, 1234QWERT) -->
                  <span class="method-name">testLogin</span>
                  <span class="parameters">(otisdog22@yahoo.com,1234QWERT)</span>
                </div> <!-- method-content -->
              </div> <!-- method -->
              <div class="method">
                <div class="method-content">
                  <a name="testLogin(goodmorning@gmail.com, test@1234)">
                  </a> <!-- testLogin(goodmorning@gmail.com, test@1234) -->
                  <span class="method-name">testLogin</span>
                  <span class="parameters">(goodmorning@gmail.com,test@1234)</span>
                </div> <!-- method-content -->
              </div> <!-- method -->
              <div class="method">
                <div class="method-content">
                  <a name="testLogin(sid@cloudberry.services, Test123)">
                  </a> <!-- testLogin(sid@cloudberry.services, Test123) -->
                  <span class="method-name">testLogin</span>
                  <span class="parameters">(sid@cloudberry.services,Test123)</span>
                </div> <!-- method-content -->
              </div> <!-- method -->
              <div class="method">
                <div class="method-content">
                  <a name="testLogin(test121@test.com, test123)">
                  </a> <!-- testLogin(test121@test.com, test123) -->
                  <span class="method-name">testLogin</span>
                  <span class="parameters">(test121@test.com,test123)</span>
                </div> <!-- method-content -->
              </div> <!-- method -->
              <div class="method">
                <div class="method-content">
                  <a name="testLogin(shalaka.dongre@gmail.com, Test123!)">
                  </a> <!-- testLogin(shalaka.dongre@gmail.com, Test123!) -->
                  <span class="method-name">testLogin</span>
                  <span class="parameters">(shalaka.dongre@gmail.com,Test123!)</span>
                </div> <!-- method-content -->
              </div> <!-- method -->
              <div class="method">
                <div class="method-content">
                  <a name="testLogin(ma12345678@gmail.com, L0ve$elenium)">
                  </a> <!-- testLogin(ma12345678@gmail.com, L0ve$elenium) -->
                  <span class="method-name">testLogin</span>
                  <span class="parameters">(ma12345678@gmail.com,L0ve$elenium)</span>
                </div> <!-- method-content -->
              </div> <!-- method -->
              <div class="method">
                <div class="method-content">
                  <a name="testLogin(ma12345678@gmail.com, L0ve$elenium)">
                  </a> <!-- testLogin(ma12345678@gmail.com, L0ve$elenium) -->
                  <span class="method-name">testLogin</span>
                  <span class="parameters">(ma12345678@gmail.com,L0ve$elenium)</span>
                </div> <!-- method-content -->
              </div> <!-- method -->
              <div class="method">
                <div class="method-content">
                  <a name="testLogin(shalaka.dongre@gmail.com, Test123!)">
                  </a> <!-- testLogin(shalaka.dongre@gmail.com, Test123!) -->
                  <span class="method-name">testLogin</span>
                  <span class="parameters">(shalaka.dongre@gmail.com,Test123!)</span>
                </div> <!-- method-content -->
              </div> <!-- method -->
              <div class="method">
                <div class="method-content">
                  <a name="testLogin(goodmorning@gmail.com, test@1234)">
                  </a> <!-- testLogin(goodmorning@gmail.com, test@1234) -->
                  <span class="method-name">testLogin</span>
                  <span class="parameters">(goodmorning@gmail.com,test@1234)</span>
                </div> <!-- method-content -->
              </div> <!-- method -->
              <div class="method">
                <div class="method-content">
                  <a name="testLogin(sid@cloudberry.services, Test123)">
                  </a> <!-- testLogin(sid@cloudberry.services, Test123) -->
                  <span class="method-name">testLogin</span>
                  <span class="parameters">(sid@cloudberry.services,Test123)</span>
                </div> <!-- method-content -->
              </div> <!-- method -->
              <div class="method">
                <div class="method-content">
                  <a name="testLogin(otisdog22@yahoo.com, 1234QWERT)">
                  </a> <!-- testLogin(otisdog22@yahoo.com, 1234QWERT) -->
                  <span class="method-name">testLogin</span>
                  <span class="parameters">(otisdog22@yahoo.com,1234QWERT)</span>
                </div> <!-- method-content -->
              </div> <!-- method -->
              <div class="method">
                <div class="method-content">
                  <a name="testLogin(test121@test.com, test123)">
                  </a> <!-- testLogin(test121@test.com, test123) -->
                  <span class="method-name">testLogin</span>
                  <span class="parameters">(test121@test.com,test123)</span>
                </div> <!-- method-content -->
              </div> <!-- method -->
            </div> <!-- main-panel-content rounded-window-bottom -->
          </div> <!-- suite-Sequential_Suite-class-passed -->
          <div class="suite-Sequential_Suite-class-passed">
            <div class="main-panel-header rounded-window-top">
              <img src="passed.png"/>
              <span class="class-name">testCases.TC03_AddToCart</span>
            </div> <!-- main-panel-header rounded-window-top -->
            <div class="main-panel-content rounded-window-bottom">
              <div class="method">
                <div class="method-content">
                  <a name="testAddToCart">
                  </a> <!-- testAddToCart -->
                  <span class="method-name">testAddToCart</span>
                </div> <!-- method-content -->
              </div> <!-- method -->
              <div class="method">
                <div class="method-content">
                  <a name="testAddToCart">
                  </a> <!-- testAddToCart -->
                  <span class="method-name">testAddToCart</span>
                </div> <!-- method-content -->
              </div> <!-- method -->
              <div class="method">
                <div class="method-content">
                  <a name="testAddToCart">
                  </a> <!-- testAddToCart -->
                  <span class="method-name">testAddToCart</span>
                </div> <!-- method-content -->
              </div> <!-- method -->
            </div> <!-- main-panel-content rounded-window-bottom -->
          </div> <!-- suite-Sequential_Suite-class-passed -->
          <div class="suite-Sequential_Suite-class-passed">
            <div class="main-panel-header rounded-window-top">
              <img src="passed.png"/>
              <span class="class-name">testCases.TC01_LaunchApplication</span>
            </div> <!-- main-panel-header rounded-window-top -->
            <div class="main-panel-content rounded-window-bottom">
              <div class="method">
                <div class="method-content">
                  <a name="testLaunchApplication">
                  </a> <!-- testLaunchApplication -->
                  <span class="method-name">testLaunchApplication</span>
                </div> <!-- method-content -->
              </div> <!-- method -->
              <div class="method">
                <div class="method-content">
                  <a name="testLaunchApplication">
                  </a> <!-- testLaunchApplication -->
                  <span class="method-name">testLaunchApplication</span>
                </div> <!-- method-content -->
              </div> <!-- method -->
              <div class="method">
                <div class="method-content">
                  <a name="testLaunchApplication">
                  </a> <!-- testLaunchApplication -->
                  <span class="method-name">testLaunchApplication</span>
                </div> <!-- method-content -->
              </div> <!-- method -->
            </div> <!-- main-panel-content rounded-window-bottom -->
          </div> <!-- suite-Sequential_Suite-class-passed -->
        </div> <!-- panel Sequential_Suite -->
        <div panel-name="test-xml-Sequential_Suite" class="panel">
          <div class="main-panel-header rounded-window-top">
            <span class="header-content">C:\Users\Deity\eclipse-workspace\CloudBerry Training\NinjaV7\testng.xml</span>
          </div> <!-- main-panel-header rounded-window-top -->
          <div class="main-panel-content rounded-window-bottom">
            <pre>
&lt;?xml version=&quot;1.0&quot; encoding=&quot;UTF-8&quot;?&gt;
&lt;!DOCTYPE suite SYSTEM &quot;https://testng.org/testng-1.0.dtd&quot;&gt;
&lt;suite name=&quot;Sequential Suite&quot; guice-stage=&quot;DEVELOPMENT&quot; verbose=&quot;0&quot;&gt;
  &lt;groups&gt;
    &lt;run&gt;
      &lt;include name=&quot;smoke&quot;/&gt;
      &lt;include name=&quot;regression&quot;/&gt;
      &lt;include name=&quot;datadriven&quot;/&gt;
    &lt;/run&gt;
  &lt;/groups&gt;
  &lt;groups&gt;
    &lt;run&gt;
      &lt;include name=&quot;smoke&quot;/&gt;
      &lt;include name=&quot;regression&quot;/&gt;
      &lt;include name=&quot;datadriven&quot;/&gt;
    &lt;/run&gt;
  &lt;/groups&gt;
  &lt;listeners&gt;
    &lt;listener class-name=&quot;utilities.ExtentReportManager&quot;/&gt;
  &lt;/listeners&gt;
  &lt;test thread-count=&quot;5&quot; name=&quot;chromeTest&quot; verbose=&quot;0&quot;&gt;
    &lt;parameter name=&quot;os&quot; value=&quot;windows&quot;/&gt;
    &lt;parameter name=&quot;browser&quot; value=&quot;chrome&quot;/&gt;
    &lt;classes&gt;
      &lt;class name=&quot;testCases.TC06_PurchaseGiftCertificate&quot;/&gt;
      &lt;class name=&quot;testCases.TC03_AddToCart&quot;/&gt;
      &lt;class name=&quot;testCases.TC05_CompletePurchase&quot;/&gt;
      &lt;class name=&quot;testCases.TC01_LaunchApplication&quot;/&gt;
      &lt;class name=&quot;testCases.TC04_AddToWishList&quot;/&gt;
      &lt;class name=&quot;testCases.TC02_Login&quot;/&gt;
    &lt;/classes&gt;
  &lt;/test&gt; &lt;!-- chromeTest --&gt;
  &lt;test thread-count=&quot;5&quot; name=&quot;edgeTest&quot; verbose=&quot;0&quot;&gt;
    &lt;parameter name=&quot;os&quot; value=&quot;windows&quot;/&gt;
    &lt;parameter name=&quot;browser&quot; value=&quot;edge&quot;/&gt;
    &lt;classes&gt;
      &lt;class name=&quot;testCases.TC06_PurchaseGiftCertificate&quot;/&gt;
      &lt;class name=&quot;testCases.TC03_AddToCart&quot;/&gt;
      &lt;class name=&quot;testCases.TC05_CompletePurchase&quot;/&gt;
      &lt;class name=&quot;testCases.TC01_LaunchApplication&quot;/&gt;
      &lt;class name=&quot;testCases.TC04_AddToWishList&quot;/&gt;
      &lt;class name=&quot;testCases.TC02_Login&quot;/&gt;
    &lt;/classes&gt;
  &lt;/test&gt; &lt;!-- edgeTest --&gt;
  &lt;test thread-count=&quot;5&quot; name=&quot;firefoxTest&quot; verbose=&quot;0&quot;&gt;
    &lt;parameter name=&quot;os&quot; value=&quot;windows&quot;/&gt;
    &lt;parameter name=&quot;browser&quot; value=&quot;firefox&quot;/&gt;
    &lt;classes&gt;
      &lt;class name=&quot;testCases.TC06_PurchaseGiftCertificate&quot;/&gt;
      &lt;class name=&quot;testCases.TC03_AddToCart&quot;/&gt;
      &lt;class name=&quot;testCases.TC05_CompletePurchase&quot;/&gt;
      &lt;class name=&quot;testCases.TC01_LaunchApplication&quot;/&gt;
      &lt;class name=&quot;testCases.TC04_AddToWishList&quot;/&gt;
      &lt;class name=&quot;testCases.TC02_Login&quot;/&gt;
    &lt;/classes&gt;
  &lt;/test&gt; &lt;!-- firefoxTest --&gt;
&lt;/suite&gt; &lt;!-- Sequential Suite --&gt;
            </pre>
          </div> <!-- main-panel-content rounded-window-bottom -->
        </div> <!-- panel -->
        <div panel-name="testlist-Sequential_Suite" class="panel">
          <div class="main-panel-header rounded-window-top">
            <span class="header-content">Tests for Sequential Suite</span>
          </div> <!-- main-panel-header rounded-window-top -->
          <div class="main-panel-content rounded-window-bottom">
            <ul>
              <li>
                <span class="test-name">chromeTest (6 classes)</span>
              </li>
              <li>
                <span class="test-name">edgeTest (6 classes)</span>
              </li>
              <li>
                <span class="test-name">firefoxTest (6 classes)</span>
              </li>
            </ul>
          </div> <!-- main-panel-content rounded-window-bottom -->
        </div> <!-- panel -->
        <div panel-name="group-Sequential_Suite" class="panel">
          <div class="main-panel-header rounded-window-top">
            <span class="header-content">Groups for Sequential Suite</span>
          </div> <!-- main-panel-header rounded-window-top -->
          <div class="main-panel-content rounded-window-bottom">
            <div class="test-group">
              <span class="test-group-name">datadriven</span>
              <br/>
              <div class="method-in-group">
                <span class="method-in-group-name">testLogin</span>
                <br/>
              </div> <!-- method-in-group -->
            </div> <!-- test-group -->
            <div class="test-group">
              <span class="test-group-name">regression</span>
              <br/>
              <div class="method-in-group">
                <span class="method-in-group-name">testAddToCart</span>
                <br/>
              </div> <!-- method-in-group -->
              <div class="method-in-group">
                <span class="method-in-group-name">testAddToWishList</span>
                <br/>
              </div> <!-- method-in-group -->
              <div class="method-in-group">
                <span class="method-in-group-name">testCompletePurchase</span>
                <br/>
              </div> <!-- method-in-group -->
              <div class="method-in-group">
                <span class="method-in-group-name">testLaunchApplication</span>
                <br/>
              </div> <!-- method-in-group -->
              <div class="method-in-group">
                <span class="method-in-group-name">testLogin</span>
                <br/>
              </div> <!-- method-in-group -->
              <div class="method-in-group">
                <span class="method-in-group-name">testPurchaseGiftCertificate</span>
                <br/>
              </div> <!-- method-in-group -->
            </div> <!-- test-group -->
            <div class="test-group">
              <span class="test-group-name">smoke</span>
              <br/>
              <div class="method-in-group">
                <span class="method-in-group-name">testAddToCart</span>
                <br/>
              </div> <!-- method-in-group -->
              <div class="method-in-group">
                <span class="method-in-group-name">testCompletePurchase</span>
                <br/>
              </div> <!-- method-in-group -->
              <div class="method-in-group">
                <span class="method-in-group-name">testLaunchApplication</span>
                <br/>
              </div> <!-- method-in-group -->
              <div class="method-in-group">
                <span class="method-in-group-name">testLogin</span>
                <br/>
              </div> <!-- method-in-group -->
            </div> <!-- test-group -->
          </div> <!-- main-panel-content rounded-window-bottom -->
        </div> <!-- panel -->
        <div panel-name="times-Sequential_Suite" class="panel">
          <div class="main-panel-header rounded-window-top">
            <span class="header-content">Times for Sequential Suite</span>
          </div> <!-- main-panel-header rounded-window-top -->
          <div class="main-panel-content rounded-window-bottom">
            <div class="times-div">
              <script type="text/javascript">
suiteTableInitFunctions.push('tableData_Sequential_Suite');
function tableData_Sequential_Suite() {
var data = new google.visualization.DataTable();
data.addColumn('number', 'Number');
data.addColumn('string', 'Method');
data.addColumn('string', 'Class');
data.addColumn('number', 'Time (ms)');
data.addRows(51);
data.setCell(0, 0, 0)
data.setCell(0, 1, 'testCompletePurchase')
data.setCell(0, 2, 'testCases.TC05_CompletePurchase')
data.setCell(0, 3, 134094);
data.setCell(1, 0, 1)
data.setCell(1, 1, 'testAddToWishList')
data.setCell(1, 2, 'testCases.TC04_AddToWishList')
data.setCell(1, 3, 102997);
data.setCell(2, 0, 2)
data.setCell(2, 1, 'testCompletePurchase')
data.setCell(2, 2, 'testCases.TC05_CompletePurchase')
data.setCell(2, 3, 83779);
data.setCell(3, 0, 3)
data.setCell(3, 1, 'testCompletePurchase')
data.setCell(3, 2, 'testCases.TC05_CompletePurchase')
data.setCell(3, 3, 82470);
data.setCell(4, 0, 4)
data.setCell(4, 1, 'testLogin')
data.setCell(4, 2, 'testCases.TC02_Login')
data.setCell(4, 3, 71963);
data.setCell(5, 0, 5)
data.setCell(5, 1, 'testAddToWishList')
data.setCell(5, 2, 'testCases.TC04_AddToWishList')
data.setCell(5, 3, 68105);
data.setCell(6, 0, 6)
data.setCell(6, 1, 'testAddToWishList')
data.setCell(6, 2, 'testCases.TC04_AddToWishList')
data.setCell(6, 3, 62743);
data.setCell(7, 0, 7)
data.setCell(7, 1, 'testLogin')
data.setCell(7, 2, 'testCases.TC02_Login')
data.setCell(7, 3, 62113);
data.setCell(8, 0, 8)
data.setCell(8, 1, 'testLogin')
data.setCell(8, 2, 'testCases.TC02_Login')
data.setCell(8, 3, 60147);
data.setCell(9, 0, 9)
data.setCell(9, 1, 'testLogin')
data.setCell(9, 2, 'testCases.TC02_Login')
data.setCell(9, 3, 60140);
data.setCell(10, 0, 10)
data.setCell(10, 1, 'testLogin')
data.setCell(10, 2, 'testCases.TC02_Login')
data.setCell(10, 3, 60136);
data.setCell(11, 0, 11)
data.setCell(11, 1, 'testLogin')
data.setCell(11, 2, 'testCases.TC02_Login')
data.setCell(11, 3, 60135);
data.setCell(12, 0, 12)
data.setCell(12, 1, 'testLogin')
data.setCell(12, 2, 'testCases.TC02_Login')
data.setCell(12, 3, 60131);
data.setCell(13, 0, 13)
data.setCell(13, 1, 'testLogin')
data.setCell(13, 2, 'testCases.TC02_Login')
data.setCell(13, 3, 60122);
data.setCell(14, 0, 14)
data.setCell(14, 1, 'testAddToWishList')
data.setCell(14, 2, 'testCases.TC04_AddToWishList')
data.setCell(14, 3, 60114);
data.setCell(15, 0, 15)
data.setCell(15, 1, 'testLogin')
data.setCell(15, 2, 'testCases.TC02_Login')
data.setCell(15, 3, 60113);
data.setCell(16, 0, 16)
data.setCell(16, 1, 'testLogin')
data.setCell(16, 2, 'testCases.TC02_Login')
data.setCell(16, 3, 60112);
data.setCell(17, 0, 17)
data.setCell(17, 1, 'testAddToWishList')
data.setCell(17, 2, 'testCases.TC04_AddToWishList')
data.setCell(17, 3, 60111);
data.setCell(18, 0, 18)
data.setCell(18, 1, 'testLogin')
data.setCell(18, 2, 'testCases.TC02_Login')
data.setCell(18, 3, 60108);
data.setCell(19, 0, 19)
data.setCell(19, 1, 'testLogin')
data.setCell(19, 2, 'testCases.TC02_Login')
data.setCell(19, 3, 60103);
data.setCell(20, 0, 20)
data.setCell(20, 1, 'testAddToWishList')
data.setCell(20, 2, 'testCases.TC04_AddToWishList')
data.setCell(20, 3, 60101);
data.setCell(21, 0, 21)
data.setCell(21, 1, 'testLogin')
data.setCell(21, 2, 'testCases.TC02_Login')
data.setCell(21, 3, 60101);
data.setCell(22, 0, 22)
data.setCell(22, 1, 'testAddToWishList')
data.setCell(22, 2, 'testCases.TC04_AddToWishList')
data.setCell(22, 3, 60100);
data.setCell(23, 0, 23)
data.setCell(23, 1, 'testLogin')
data.setCell(23, 2, 'testCases.TC02_Login')
data.setCell(23, 3, 60094);
data.setCell(24, 0, 24)
data.setCell(24, 1, 'testLogin')
data.setCell(24, 2, 'testCases.TC02_Login')
data.setCell(24, 3, 60078);
data.setCell(25, 0, 25)
data.setCell(25, 1, 'testLogin')
data.setCell(25, 2, 'testCases.TC02_Login')
data.setCell(25, 3, 60072);
data.setCell(26, 0, 26)
data.setCell(26, 1, 'testLogin')
data.setCell(26, 2, 'testCases.TC02_Login')
data.setCell(26, 3, 60053);
data.setCell(27, 0, 27)
data.setCell(27, 1, 'testLogin')
data.setCell(27, 2, 'testCases.TC02_Login')
data.setCell(27, 3, 53502);
data.setCell(28, 0, 28)
data.setCell(28, 1, 'testAddToCart')
data.setCell(28, 2, 'testCases.TC03_AddToCart')
data.setCell(28, 3, 34459);
data.setCell(29, 0, 29)
data.setCell(29, 1, 'testPurchaseGiftCertificate')
data.setCell(29, 2, 'testCases.TC06_PurchaseGiftCertificate')
data.setCell(29, 3, 14687);
data.setCell(30, 0, 30)
data.setCell(30, 1, 'testLogin')
data.setCell(30, 2, 'testCases.TC02_Login')
data.setCell(30, 3, 14104);
data.setCell(31, 0, 31)
data.setCell(31, 1, 'testAddToWishList')
data.setCell(31, 2, 'testCases.TC04_AddToWishList')
data.setCell(31, 3, 13528);
data.setCell(32, 0, 32)
data.setCell(32, 1, 'testLogin')
data.setCell(32, 2, 'testCases.TC02_Login')
data.setCell(32, 3, 11835);
data.setCell(33, 0, 33)
data.setCell(33, 1, 'testLogin')
data.setCell(33, 2, 'testCases.TC02_Login')
data.setCell(33, 3, 6852);
data.setCell(34, 0, 34)
data.setCell(34, 1, 'testLogin')
data.setCell(34, 2, 'testCases.TC02_Login')
data.setCell(34, 3, 4053);
data.setCell(35, 0, 35)
data.setCell(35, 1, 'testLogin')
data.setCell(35, 2, 'testCases.TC02_Login')
data.setCell(35, 3, 3716);
data.setCell(36, 0, 36)
data.setCell(36, 1, 'testAddToWishList')
data.setCell(36, 2, 'testCases.TC04_AddToWishList')
data.setCell(36, 3, 3667);
data.setCell(37, 0, 37)
data.setCell(37, 1, 'testLogin')
data.setCell(37, 2, 'testCases.TC02_Login')
data.setCell(37, 3, 2967);
data.setCell(38, 0, 38)
data.setCell(38, 1, 'testLogin')
data.setCell(38, 2, 'testCases.TC02_Login')
data.setCell(38, 3, 2934);
data.setCell(39, 0, 39)
data.setCell(39, 1, 'testLogin')
data.setCell(39, 2, 'testCases.TC02_Login')
data.setCell(39, 3, 2892);
data.setCell(40, 0, 40)
data.setCell(40, 1, 'testPurchaseGiftCertificate')
data.setCell(40, 2, 'testCases.TC06_PurchaseGiftCertificate')
data.setCell(40, 3, 2886);
data.setCell(41, 0, 41)
data.setCell(41, 1, 'testLogin')
data.setCell(41, 2, 'testCases.TC02_Login')
data.setCell(41, 3, 2868);
data.setCell(42, 0, 42)
data.setCell(42, 1, 'testLogin')
data.setCell(42, 2, 'testCases.TC02_Login')
data.setCell(42, 3, 2636);
data.setCell(43, 0, 43)
data.setCell(43, 1, 'testLogin')
data.setCell(43, 2, 'testCases.TC02_Login')
data.setCell(43, 3, 2518);
data.setCell(44, 0, 44)
data.setCell(44, 1, 'testPurchaseGiftCertificate')
data.setCell(44, 2, 'testCases.TC06_PurchaseGiftCertificate')
data.setCell(44, 3, 2507);
data.setCell(45, 0, 45)
data.setCell(45, 1, 'testLogin')
data.setCell(45, 2, 'testCases.TC02_Login')
data.setCell(45, 3, 2506);
data.setCell(46, 0, 46)
data.setCell(46, 1, 'testAddToCart')
data.setCell(46, 2, 'testCases.TC03_AddToCart')
data.setCell(46, 3, 2332);
data.setCell(47, 0, 47)
data.setCell(47, 1, 'testAddToCart')
data.setCell(47, 2, 'testCases.TC03_AddToCart')
data.setCell(47, 3, 2118);
data.setCell(48, 0, 48)
data.setCell(48, 1, 'testLaunchApplication')
data.setCell(48, 2, 'testCases.TC01_LaunchApplication')
data.setCell(48, 3, 32);
data.setCell(49, 0, 49)
data.setCell(49, 1, 'testLaunchApplication')
data.setCell(49, 2, 'testCases.TC01_LaunchApplication')
data.setCell(49, 3, 28);
data.setCell(50, 0, 50)
data.setCell(50, 1, 'testLaunchApplication')
data.setCell(50, 2, 'testCases.TC01_LaunchApplication')
data.setCell(50, 3, 27);
window.suiteTableData['Sequential_Suite']= { tableData: data, tableDiv: 'times-div-Sequential_Suite'}
return data;
}
              </script>
              <span class="suite-total-time">Total running time: 33 minutes</span>
              <div id="times-div-Sequential_Suite">
              </div> <!-- times-div-Sequential_Suite -->
            </div> <!-- times-div -->
          </div> <!-- main-panel-content rounded-window-bottom -->
        </div> <!-- panel -->
        <div panel-name="reporter-Sequential_Suite" class="panel">
          <div class="main-panel-header rounded-window-top">
            <span class="header-content">Reporter output for Sequential Suite</span>
          </div> <!-- main-panel-header rounded-window-top -->
          <div class="main-panel-content rounded-window-bottom">
          </div> <!-- main-panel-content rounded-window-bottom -->
        </div> <!-- panel -->
        <div panel-name="ignored-methods-Sequential_Suite" class="panel">
          <div class="main-panel-header rounded-window-top">
            <span class="header-content">0 ignored methods</span>
          </div> <!-- main-panel-header rounded-window-top -->
          <div class="main-panel-content rounded-window-bottom">
          </div> <!-- main-panel-content rounded-window-bottom -->
        </div> <!-- panel -->
        <div panel-name="chronological-Sequential_Suite" class="panel">
          <div class="main-panel-header rounded-window-top">
            <span class="header-content">Methods in chronological order</span>
          </div> <!-- main-panel-header rounded-window-top -->
          <div class="main-panel-content rounded-window-bottom">
            <div class="chronological-class">
              <div class="chronological-class-name">testCases.TC06_PurchaseGiftCertificate</div> <!-- chronological-class-name -->
              <div class="configuration-class before">
                <span class="method-name">openApp(windows, chrome)</span>
                <span class="method-start">0 ms</span>
              </div> <!-- configuration-class before -->
              <div class="test-method">
                <span class="method-name">testPurchaseGiftCertificate</span>
                <span class="method-start">34346 ms</span>
              </div> <!-- test-method -->
              <div class="configuration-class after">
                <span class="method-name">closeApp</span>
                <span class="method-start">36932 ms</span>
              </div> <!-- configuration-class after -->
            </div> <!-- chronological-class -->
            <div class="chronological-class">
              <div class="chronological-class-name">testCases.TC03_AddToCart</div> <!-- chronological-class-name -->
              <div class="configuration-class before">
                <span class="method-name">openApp(windows, chrome)</span>
                <span class="method-start">37266 ms</span>
              </div> <!-- configuration-class before -->
              <div class="test-method">
                <span class="method-name">testAddToCart</span>
                <span class="method-start">54024 ms</span>
              </div> <!-- test-method -->
              <div class="configuration-class after">
                <span class="method-name">closeApp</span>
                <span class="method-start">56357 ms</span>
              </div> <!-- configuration-class after -->
            </div> <!-- chronological-class -->
            <div class="chronological-class">
              <div class="chronological-class-name">testCases.TC05_CompletePurchase</div> <!-- chronological-class-name -->
              <div class="configuration-class before">
                <span class="method-name">openApp(windows, chrome)</span>
                <span class="method-start">56534 ms</span>
              </div> <!-- configuration-class before -->
              <div class="test-method">
                <span class="method-name">testCompletePurchase</span>
                <span class="method-start">61843 ms</span>
              </div> <!-- test-method -->
              <div class="configuration-class after">
                <span class="method-name">closeApp</span>
                <span class="method-start">144313 ms</span>
              </div> <!-- configuration-class after -->
            </div> <!-- chronological-class -->
            <div class="chronological-class">
              <div class="chronological-class-name">testCases.TC01_LaunchApplication</div> <!-- chronological-class-name -->
              <div class="configuration-class before">
                <span class="method-name">openApp(windows, chrome)</span>
                <span class="method-start">145418 ms</span>
              </div> <!-- configuration-class before -->
              <div class="test-method">
                <span class="method-name">testLaunchApplication</span>
                <span class="method-start">153468 ms</span>
              </div> <!-- test-method -->
              <div class="configuration-class after">
                <span class="method-name">closeApp</span>
                <span class="method-start">153495 ms</span>
              </div> <!-- configuration-class after -->
            </div> <!-- chronological-class -->
            <div class="chronological-class">
              <div class="chronological-class-name">testCases.TC04_AddToWishList</div> <!-- chronological-class-name -->
              <div class="configuration-class before">
                <span class="method-name">openApp(windows, chrome)</span>
                <span class="method-start">153805 ms</span>
              </div> <!-- configuration-class before -->
              <div class="test-method">
                <span class="method-name">testAddToWishList</span>
                <span class="method-start">161215 ms</span>
              </div> <!-- test-method -->
              <div class="test-method">
                <span class="method-name">testAddToWishList</span>
                <span class="method-start">164882 ms</span>
              </div> <!-- test-method -->
              <div class="test-method">
                <span class="method-name">testAddToWishList</span>
                <span class="method-start">227625 ms</span>
              </div> <!-- test-method -->
              <div class="test-method">
                <img src="failed.png">
                </img>
                <span class="method-name">testAddToWishList</span>
                <span class="method-start">287726 ms</span>
              </div> <!-- test-method -->
              <div class="configuration-class after">
                <span class="method-name">closeApp</span>
                <span class="method-start">348366 ms</span>
              </div> <!-- configuration-class after -->
            </div> <!-- chronological-class -->
            <div class="chronological-class">
              <div class="chronological-class-name">testCases.TC02_Login</div> <!-- chronological-class-name -->
              <div class="configuration-class before">
                <span class="method-name">openApp(windows, chrome)</span>
                <span class="method-start">348680 ms</span>
              </div> <!-- configuration-class before -->
              <div class="test-method">
                <span class="method-name">testLogin(ma12345678@gmail.com, L0ve$elenium)</span>
                <span class="method-start">365621 ms</span>
              </div> <!-- test-method -->
              <div class="test-method">
                <span class="method-name">testLogin(goodmorning@gmail.com, test@1234)</span>
                <span class="method-start">369343 ms</span>
              </div> <!-- test-method -->
              <div class="test-method">
                <span class="method-name">testLogin(test121@test.com, test123)</span>
                <span class="method-start">371980 ms</span>
              </div> <!-- test-method -->
              <div class="test-method">
                <span class="method-name">testLogin(test121@test.com, test123)</span>
                <span class="method-start">434093 ms</span>
              </div> <!-- test-method -->
              <div class="test-method">
                <span class="method-name">testLogin(test121@test.com, test123)</span>
                <span class="method-start">494229 ms</span>
              </div> <!-- test-method -->
              <div class="test-method">
                <img src="failed.png">
                </img>
                <span class="method-name">testLogin(test121@test.com, test123)</span>
                <span class="method-start">554323 ms</span>
              </div> <!-- test-method -->
              <div class="test-method">
                <span class="method-name">testLogin(sid@cloudberry.services, Test123)</span>
                <span class="method-start">614846 ms</span>
              </div> <!-- test-method -->
              <div class="test-method">
                <span class="method-name">testLogin(sid@cloudberry.services, Test123)</span>
                <span class="method-start">674963 ms</span>
              </div> <!-- test-method -->
              <div class="test-method">
                <span class="method-name">testLogin(sid@cloudberry.services, Test123)</span>
                <span class="method-start">735075 ms</span>
              </div> <!-- test-method -->
              <div class="test-method">
                <img src="failed.png">
                </img>
                <span class="method-name">testLogin(sid@cloudberry.services, Test123)</span>
                <span class="method-start">795183 ms</span>
              </div> <!-- test-method -->
              <div class="test-method">
                <span class="method-name">testLogin(otisdog22@yahoo.com, 1234QWERT)</span>
                <span class="method-start">855457 ms</span>
              </div> <!-- test-method -->
              <div class="test-method">
                <span class="method-name">testLogin(otisdog22@yahoo.com, 1234QWERT)</span>
                <span class="method-start">915529 ms</span>
              </div> <!-- test-method -->
              <div class="test-method">
                <span class="method-name">testLogin(otisdog22@yahoo.com, 1234QWERT)</span>
                <span class="method-start">975651 ms</span>
              </div> <!-- test-method -->
              <div class="test-method">
                <img src="failed.png">
                </img>
                <span class="method-name">testLogin(otisdog22@yahoo.com, 1234QWERT)</span>
                <span class="method-start">1035764 ms</span>
              </div> <!-- test-method -->
              <div class="test-method">
                <span class="method-name">testLogin(shalaka.dongre@gmail.com, Test123!)</span>
                <span class="method-start">1095986 ms</span>
              </div> <!-- test-method -->
              <div class="test-method">
                <span class="method-name">testLogin(shalaka.dongre@gmail.com, Test123!)</span>
                <span class="method-start">1156039 ms</span>
              </div> <!-- test-method -->
              <div class="test-method">
                <span class="method-name">testLogin(shalaka.dongre@gmail.com, Test123!)</span>
                <span class="method-start">1216142 ms</span>
              </div> <!-- test-method -->
              <div class="test-method">
                <img src="failed.png">
                </img>
                <span class="method-name">testLogin(shalaka.dongre@gmail.com, Test123!)</span>
                <span class="method-start">1276277 ms</span>
              </div> <!-- test-method -->
              <div class="configuration-class after">
                <span class="method-name">closeApp</span>
                <span class="method-start">1336571 ms</span>
              </div> <!-- configuration-class after -->
            </div> <!-- chronological-class -->
            <div class="chronological-class">
              <div class="chronological-class-name">testCases.TC06_PurchaseGiftCertificate</div> <!-- chronological-class-name -->
              <div class="configuration-class before">
                <span class="method-name">openApp(windows, edge)</span>
                <span class="method-start">1352626 ms</span>
              </div> <!-- configuration-class before -->
              <div class="test-method">
                <span class="method-name">testPurchaseGiftCertificate</span>
                <span class="method-start">1373139 ms</span>
              </div> <!-- test-method -->
              <div class="configuration-class after">
                <span class="method-name">closeApp</span>
                <span class="method-start">1387826 ms</span>
              </div> <!-- configuration-class after -->
            </div> <!-- chronological-class -->
            <div class="chronological-class">
              <div class="chronological-class-name">testCases.TC03_AddToCart</div> <!-- chronological-class-name -->
              <div class="configuration-class before">
                <span class="method-name">openApp(windows, edge)</span>
                <span class="method-start">1392339 ms</span>
              </div> <!-- configuration-class before -->
              <div class="test-method">
                <span class="method-name">testAddToCart</span>
                <span class="method-start">1400980 ms</span>
              </div> <!-- test-method -->
              <div class="configuration-class after">
                <span class="method-name">closeApp</span>
                <span class="method-start">1435440 ms</span>
              </div> <!-- configuration-class after -->
            </div> <!-- chronological-class -->
            <div class="chronological-class">
              <div class="chronological-class-name">testCases.TC05_CompletePurchase</div> <!-- chronological-class-name -->
              <div class="configuration-class before">
                <span class="method-name">openApp(windows, edge)</span>
                <span class="method-start">1437807 ms</span>
              </div> <!-- configuration-class before -->
              <div class="test-method">
                <span class="method-name">testCompletePurchase</span>
                <span class="method-start">1456323 ms</span>
              </div> <!-- test-method -->
              <div class="configuration-class after">
                <span class="method-name">closeApp</span>
                <span class="method-start">1590417 ms</span>
              </div> <!-- configuration-class after -->
            </div> <!-- chronological-class -->
            <div class="chronological-class">
              <div class="chronological-class-name">testCases.TC01_LaunchApplication</div> <!-- chronological-class-name -->
              <div class="configuration-class before">
                <span class="method-name">openApp(windows, edge)</span>
                <span class="method-start">1595850 ms</span>
              </div> <!-- configuration-class before -->
              <div class="test-method">
                <span class="method-name">testLaunchApplication</span>
                <span class="method-start">1656862 ms</span>
              </div> <!-- test-method -->
              <div class="configuration-class after">
                <span class="method-name">closeApp</span>
                <span class="method-start">1656894 ms</span>
              </div> <!-- configuration-class after -->
            </div> <!-- chronological-class -->
            <div class="chronological-class">
              <div class="chronological-class-name">testCases.TC04_AddToWishList</div> <!-- chronological-class-name -->
              <div class="configuration-class before">
                <span class="method-name">openApp(windows, edge)</span>
                <span class="method-start">1668187 ms</span>
              </div> <!-- configuration-class before -->
              <div class="test-method">
                <span class="method-name">testAddToWishList</span>
                <span class="method-start">1689212 ms</span>
              </div> <!-- test-method -->
              <div class="test-method">
                <span class="method-name">testAddToWishList</span>
                <span class="method-start">1757317 ms</span>
              </div> <!-- test-method -->
              <div class="test-method">
                <span class="method-name">testAddToWishList</span>
                <span class="method-start">1860314 ms</span>
              </div> <!-- test-method -->
              <div class="test-method">
                <img src="failed.png">
                </img>
                <span class="method-name">testAddToWishList</span>
                <span class="method-start">1920414 ms</span>
              </div> <!-- test-method -->
              <div class="configuration-class after">
                <span class="method-name">closeApp</span>
                <span class="method-start">1980682 ms</span>
              </div> <!-- configuration-class after -->
            </div> <!-- chronological-class -->
            <div class="chronological-class">
              <div class="chronological-class-name">testCases.TC02_Login</div> <!-- chronological-class-name -->
              <div class="configuration-class before">
                <span class="method-name">openApp(windows, edge)</span>
                <span class="method-start">1982625 ms</span>
              </div> <!-- configuration-class before -->
              <div class="test-method">
                <span class="method-name">testLogin(ma12345678@gmail.com, L0ve$elenium)</span>
                <span class="method-start">1992265 ms</span>
              </div> <!-- test-method -->
              <div class="test-method">
                <span class="method-name">testLogin(goodmorning@gmail.com, test@1234)</span>
                <span class="method-start">2045767 ms</span>
              </div> <!-- test-method -->
              <div class="test-method">
                <span class="method-name">testLogin(test121@test.com, test123)</span>
                <span class="method-start">2059871 ms</span>
              </div> <!-- test-method -->
              <div class="test-method">
                <span class="method-name">testLogin(sid@cloudberry.services, Test123)</span>
                <span class="method-start">2131835 ms</span>
              </div> <!-- test-method -->
              <div class="test-method">
                <span class="method-name">testLogin(otisdog22@yahoo.com, 1234QWERT)</span>
                <span class="method-start">2138688 ms</span>
              </div> <!-- test-method -->
              <div class="test-method">
                <span class="method-name">testLogin(shalaka.dongre@gmail.com, Test123!)</span>
                <span class="method-start">2150526 ms</span>
              </div> <!-- test-method -->
              <div class="configuration-class after">
                <span class="method-name">closeApp</span>
                <span class="method-start">2153419 ms</span>
              </div> <!-- configuration-class after -->
            </div> <!-- chronological-class -->
            <div class="chronological-class">
              <div class="chronological-class-name">testCases.TC06_PurchaseGiftCertificate</div> <!-- chronological-class-name -->
              <div class="configuration-class before">
                <span class="method-name">openApp(windows, firefox)</span>
                <span class="method-start">2160333 ms</span>
              </div> <!-- configuration-class before -->
              <div class="test-method">
                <span class="method-name">testPurchaseGiftCertificate</span>
                <span class="method-start">2184099 ms</span>
              </div> <!-- test-method -->
              <div class="configuration-class after">
                <span class="method-name">closeApp</span>
                <span class="method-start">2186985 ms</span>
              </div> <!-- configuration-class after -->
            </div> <!-- chronological-class -->
            <div class="chronological-class">
              <div class="chronological-class-name">testCases.TC03_AddToCart</div> <!-- chronological-class-name -->
              <div class="configuration-class before">
                <span class="method-name">openApp(windows, firefox)</span>
                <span class="method-start">2188750 ms</span>
              </div> <!-- configuration-class before -->
              <div class="test-method">
                <span class="method-name">testAddToCart</span>
                <span class="method-start">2201617 ms</span>
              </div> <!-- test-method -->
              <div class="configuration-class after">
                <span class="method-name">closeApp</span>
                <span class="method-start">2203742 ms</span>
              </div> <!-- configuration-class after -->
            </div> <!-- chronological-class -->
            <div class="chronological-class">
              <div class="chronological-class-name">testCases.TC05_CompletePurchase</div> <!-- chronological-class-name -->
              <div class="configuration-class before">
                <span class="method-name">openApp(windows, firefox)</span>
                <span class="method-start">2207860 ms</span>
              </div> <!-- configuration-class before -->
              <div class="test-method">
                <span class="method-name">testCompletePurchase</span>
                <span class="method-start">2219295 ms</span>
              </div> <!-- test-method -->
              <div class="configuration-class after">
                <span class="method-name">closeApp</span>
                <span class="method-start">2303074 ms</span>
              </div> <!-- configuration-class after -->
            </div> <!-- chronological-class -->
            <div class="chronological-class">
              <div class="chronological-class-name">testCases.TC01_LaunchApplication</div> <!-- chronological-class-name -->
              <div class="configuration-class before">
                <span class="method-name">openApp(windows, firefox)</span>
                <span class="method-start">2308847 ms</span>
              </div> <!-- configuration-class before -->
              <div class="test-method">
                <span class="method-name">testLaunchApplication</span>
                <span class="method-start">2328715 ms</span>
              </div> <!-- test-method -->
              <div class="configuration-class after">
                <span class="method-name">closeApp</span>
                <span class="method-start">2328743 ms</span>
              </div> <!-- configuration-class after -->
            </div> <!-- chronological-class -->
            <div class="chronological-class">
              <div class="chronological-class-name">testCases.TC04_AddToWishList</div> <!-- chronological-class-name -->
              <div class="configuration-class before">
                <span class="method-name">openApp(windows, firefox)</span>
                <span class="method-start">2333351 ms</span>
              </div> <!-- configuration-class before -->
              <div class="test-method">
                <span class="method-name">testAddToWishList</span>
                <span class="method-start">2416626 ms</span>
              </div> <!-- test-method -->
              <div class="configuration-class after">
                <span class="method-name">closeApp</span>
                <span class="method-start">2430154 ms</span>
              </div> <!-- configuration-class after -->
            </div> <!-- chronological-class -->
            <div class="chronological-class">
              <div class="chronological-class-name">testCases.TC02_Login</div> <!-- chronological-class-name -->
              <div class="configuration-class before">
                <span class="method-name">openApp(windows, firefox)</span>
                <span class="method-start">2454826 ms</span>
              </div> <!-- configuration-class before -->
              <div class="test-method">
                <span class="method-name">testLogin(ma12345678@gmail.com, L0ve$elenium)</span>
                <span class="method-start">2470988 ms</span>
              </div> <!-- test-method -->
              <div class="test-method">
                <span class="method-name">testLogin(goodmorning@gmail.com, test@1234)</span>
                <span class="method-start">2475041 ms</span>
              </div> <!-- test-method -->
              <div class="test-method">
                <span class="method-name">testLogin(test121@test.com, test123)</span>
                <span class="method-start">2477559 ms</span>
              </div> <!-- test-method -->
              <div class="test-method">
                <span class="method-name">testLogin(sid@cloudberry.services, Test123)</span>
                <span class="method-start">2480526 ms</span>
              </div> <!-- test-method -->
              <div class="test-method">
                <span class="method-name">testLogin(otisdog22@yahoo.com, 1234QWERT)</span>
                <span class="method-start">2483038 ms</span>
              </div> <!-- test-method -->
              <div class="test-method">
                <span class="method-name">testLogin(shalaka.dongre@gmail.com, Test123!)</span>
                <span class="method-start">2485972 ms</span>
              </div> <!-- test-method -->
              <div class="configuration-class after">
                <span class="method-name">closeApp</span>
                <span class="method-start">2488840 ms</span>
              </div> <!-- configuration-class after -->
          </div> <!-- main-panel-content rounded-window-bottom -->
        </div> <!-- panel -->
      </div> <!-- main-panel-root -->
    </div> <!-- wrapper -->
  </body>
<script type="text/javascript" src="testng-reports2.js"></script>
</html>
